g++ -std=c++11 -m64 -Dlinux64 -DWM_ARCH_OPTION=64 -DWM_DP -DWM_LABEL_SIZE=32 -Wall -Wextra -Wno-unused-parameter -Wold-style-cast -Wnon-virtual-dtor -O3  -DNoRepository -ftemplate-depth-200 -I..     -I/home/maalek/foam/foam-extend-4.1_NR/src/finiteVolume/lnInclude -IlnInclude -I. -I/home/maalek/foam/foam-extend-4.1_NR/src/foam/lnInclude -I/home/maalek/foam/foam-extend-4.1_NR/src/OSspecific/POSIX/lnInclude   -fPIC -Xlinker --add-needed -Xlinker --no-as-needed Make/linux64GccDPInt32Opt/viscosityModel.o Make/linux64GccDPInt32Opt/newViscosityModel.o Make/linux64GccDPInt32Opt/Newtonian.o Make/linux64GccDPInt32Opt/LevyMises.o Make/linux64GccDPInt32Opt/powerLaw.o Make/linux64GccDPInt32Opt/CrossPowerLaw.o Make/linux64GccDPInt32Opt/BirdCarreau.o Make/linux64GccDPInt32Opt/HerschelBulkley.o Make/linux64GccDPInt32Opt/freeSurface.o Make/linux64GccDPInt32Opt/transportModel.o Make/linux64GccDPInt32Opt/singlePhaseTransportModel.o Make/linux64GccDPInt32Opt/twoPhaseMixture.o -L/home/maalek/foam/foam-extend-4.1_NR/lib/linux64GccDPInt32Opt \
      -lfoam -ldl   -lrt -lm -o foam.out
/usr/bin/ld: /usr/lib/gcc/x86_64-linux-gnu/9/../../../x86_64-linux-gnu/Scrt1.o: in function `_start':
(.text+0x24): undefined reference to `main'
/usr/bin/ld: Make/linux64GccDPInt32Opt/viscosityModel.o: in function `Foam::fvPatchField<Foam::Tensor<double> >::type() const':
viscosityModel.C:(.text._ZNK4Foam12fvPatchFieldINS_6TensorIdEEE4typeEv[_ZNK4Foam12fvPatchFieldINS_6TensorIdEEE4typeEv]+0x7): undefined reference to `Foam::fvPatchField<Foam::Tensor<double> >::typeName'
/usr/bin/ld: Make/linux64GccDPInt32Opt/viscosityModel.o: in function `Foam::fvPatchField<Foam::SymmTensor<double> >::type() const':
viscosityModel.C:(.text._ZNK4Foam12fvPatchFieldINS_10SymmTensorIdEEE4typeEv[_ZNK4Foam12fvPatchFieldINS_10SymmTensorIdEEE4typeEv]+0x7): undefined reference to `Foam::fvPatchField<Foam::SymmTensor<double> >::typeName'
/usr/bin/ld: Make/linux64GccDPInt32Opt/viscosityModel.o: in function `Foam::GeometricField<Foam::SymmTensor<double>, Foam::fvPatchField, Foam::volMesh>::type() const':
viscosityModel.C:(.text._ZNK4Foam14GeometricFieldINS_10SymmTensorIdEENS_12fvPatchFieldENS_7volMeshEE4typeEv[_ZNK4Foam14GeometricFieldINS_10SymmTensorIdEENS_12fvPatchFieldENS_7volMeshEE4typeEv]+0x7): undefined reference to `Foam::GeometricField<Foam::SymmTensor<double>, Foam::fvPatchField, Foam::volMesh>::typeName'
/usr/bin/ld: Make/linux64GccDPInt32Opt/viscosityModel.o: in function `Foam::DimensionedField<Foam::SymmTensor<double>, Foam::volMesh>::type() const':
viscosityModel.C:(.text._ZNK4Foam16DimensionedFieldINS_10SymmTensorIdEENS_7volMeshEE4typeEv[_ZNK4Foam16DimensionedFieldINS_10SymmTensorIdEENS_7volMeshEE4typeEv]+0x7): undefined reference to `Foam::DimensionedField<Foam::SymmTensor<double>, Foam::volMesh>::typeName'
/usr/bin/ld: Make/linux64GccDPInt32Opt/viscosityModel.o: in function `Foam::GeometricField<Foam::Tensor<double>, Foam::fvPatchField, Foam::volMesh>::type() const':
viscosityModel.C:(.text._ZNK4Foam14GeometricFieldINS_6TensorIdEENS_12fvPatchFieldENS_7volMeshEE4typeEv[_ZNK4Foam14GeometricFieldINS_6TensorIdEENS_12fvPatchFieldENS_7volMeshEE4typeEv]+0x7): undefined reference to `Foam::GeometricField<Foam::Tensor<double>, Foam::fvPatchField, Foam::volMesh>::typeName'
/usr/bin/ld: Make/linux64GccDPInt32Opt/viscosityModel.o: in function `Foam::DimensionedField<Foam::Tensor<double>, Foam::volMesh>::type() const':
viscosityModel.C:(.text._ZNK4Foam16DimensionedFieldINS_6TensorIdEENS_7volMeshEE4typeEv[_ZNK4Foam16DimensionedFieldINS_6TensorIdEENS_7volMeshEE4typeEv]+0x7): undefined reference to `Foam::DimensionedField<Foam::Tensor<double>, Foam::volMesh>::typeName'
/usr/bin/ld: Make/linux64GccDPInt32Opt/viscosityModel.o: in function `Foam::GeometricField<double, Foam::fvPatchField, Foam::volMesh>::type() const':
viscosityModel.C:(.text._ZNK4Foam14GeometricFieldIdNS_12fvPatchFieldENS_7volMeshEE4typeEv[_ZNK4Foam14GeometricFieldIdNS_12fvPatchFieldENS_7volMeshEE4typeEv]+0x7): undefined reference to `Foam::GeometricField<double, Foam::fvPatchField, Foam::volMesh>::typeName'
/usr/bin/ld: Make/linux64GccDPInt32Opt/viscosityModel.o: in function `Foam::DimensionedField<double, Foam::volMesh>::type() const':
viscosityModel.C:(.text._ZNK4Foam16DimensionedFieldIdNS_7volMeshEE4typeEv[_ZNK4Foam16DimensionedFieldIdNS_7volMeshEE4typeEv]+0x7): undefined reference to `Foam::DimensionedField<double, Foam::volMesh>::typeName'
/usr/bin/ld: Make/linux64GccDPInt32Opt/viscosityModel.o: in function `Foam::fvPatchField<double>::type() const':
viscosityModel.C:(.text._ZNK4Foam12fvPatchFieldIdE4typeEv[_ZNK4Foam12fvPatchFieldIdE4typeEv]+0x7): undefined reference to `Foam::fvPatchField<double>::typeName'
/usr/bin/ld: Make/linux64GccDPInt32Opt/viscosityModel.o: in function `Foam::fvsPatchField<Foam::SymmTensor<double> >::type() const':
viscosityModel.C:(.text._ZNK4Foam13fvsPatchFieldINS_10SymmTensorIdEEE4typeEv[_ZNK4Foam13fvsPatchFieldINS_10SymmTensorIdEEE4typeEv]+0x7): undefined reference to `Foam::fvsPatchField<Foam::SymmTensor<double> >::typeName'
/usr/bin/ld: Make/linux64GccDPInt32Opt/viscosityModel.o: in function `Foam::GeometricField<Foam::SymmTensor<double>, Foam::fvsPatchField, Foam::surfaceMesh>::type() const':
viscosityModel.C:(.text._ZNK4Foam14GeometricFieldINS_10SymmTensorIdEENS_13fvsPatchFieldENS_11surfaceMeshEE4typeEv[_ZNK4Foam14GeometricFieldINS_10SymmTensorIdEENS_13fvsPatchFieldENS_11surfaceMeshEE4typeEv]+0x7): undefined reference to `Foam::GeometricField<Foam::SymmTensor<double>, Foam::fvsPatchField, Foam::surfaceMesh>::typeName'
/usr/bin/ld: Make/linux64GccDPInt32Opt/viscosityModel.o: in function `Foam::DimensionedField<Foam::SymmTensor<double>, Foam::surfaceMesh>::type() const':
viscosityModel.C:(.text._ZNK4Foam16DimensionedFieldINS_10SymmTensorIdEENS_11surfaceMeshEE4typeEv[_ZNK4Foam16DimensionedFieldINS_10SymmTensorIdEENS_11surfaceMeshEE4typeEv]+0x7): undefined reference to `Foam::DimensionedField<Foam::SymmTensor<double>, Foam::surfaceMesh>::typeName'
/usr/bin/ld: Make/linux64GccDPInt32Opt/viscosityModel.o: in function `Foam::fvsPatchField<Foam::Tensor<double> >::type() const':
viscosityModel.C:(.text._ZNK4Foam13fvsPatchFieldINS_6TensorIdEEE4typeEv[_ZNK4Foam13fvsPatchFieldINS_6TensorIdEEE4typeEv]+0x7): undefined reference to `Foam::fvsPatchField<Foam::Tensor<double> >::typeName'
/usr/bin/ld: Make/linux64GccDPInt32Opt/viscosityModel.o: in function `Foam::GeometricField<Foam::Tensor<double>, Foam::fvsPatchField, Foam::surfaceMesh>::type() const':
viscosityModel.C:(.text._ZNK4Foam14GeometricFieldINS_6TensorIdEENS_13fvsPatchFieldENS_11surfaceMeshEE4typeEv[_ZNK4Foam14GeometricFieldINS_6TensorIdEENS_13fvsPatchFieldENS_11surfaceMeshEE4typeEv]+0x7): undefined reference to `Foam::GeometricField<Foam::Tensor<double>, Foam::fvsPatchField, Foam::surfaceMesh>::typeName'
/usr/bin/ld: Make/linux64GccDPInt32Opt/viscosityModel.o: in function `Foam::DimensionedField<Foam::Tensor<double>, Foam::surfaceMesh>::type() const':
viscosityModel.C:(.text._ZNK4Foam16DimensionedFieldINS_6TensorIdEENS_11surfaceMeshEE4typeEv[_ZNK4Foam16DimensionedFieldINS_6TensorIdEENS_11surfaceMeshEE4typeEv]+0x7): undefined reference to `Foam::DimensionedField<Foam::Tensor<double>, Foam::surfaceMesh>::typeName'
/usr/bin/ld: Make/linux64GccDPInt32Opt/viscosityModel.o: in function `Foam::fvsPatchField<double>::type() const':
viscosityModel.C:(.text._ZNK4Foam13fvsPatchFieldIdE4typeEv[_ZNK4Foam13fvsPatchFieldIdE4typeEv]+0x7): undefined reference to `Foam::fvsPatchField<double>::typeName'
/usr/bin/ld: Make/linux64GccDPInt32Opt/viscosityModel.o: in function `Foam::GeometricField<double, Foam::fvsPatchField, Foam::surfaceMesh>::type() const':
viscosityModel.C:(.text._ZNK4Foam14GeometricFieldIdNS_13fvsPatchFieldENS_11surfaceMeshEE4typeEv[_ZNK4Foam14GeometricFieldIdNS_13fvsPatchFieldENS_11surfaceMeshEE4typeEv]+0x7): undefined reference to `Foam::GeometricField<double, Foam::fvsPatchField, Foam::surfaceMesh>::typeName'
/usr/bin/ld: Make/linux64GccDPInt32Opt/viscosityModel.o: in function `Foam::DimensionedField<double, Foam::surfaceMesh>::type() const':
viscosityModel.C:(.text._ZNK4Foam16DimensionedFieldIdNS_11surfaceMeshEE4typeEv[_ZNK4Foam16DimensionedFieldIdNS_11surfaceMeshEE4typeEv]+0x7): undefined reference to `Foam::DimensionedField<double, Foam::surfaceMesh>::typeName'
/usr/bin/ld: Make/linux64GccDPInt32Opt/viscosityModel.o: in function `Foam::fvPatchField<Foam::Tensor<double> >::valueBoundaryCoeffs(Foam::tmp<Foam::Field<double> > const&) const':
viscosityModel.C:(.text._ZNK4Foam12fvPatchFieldINS_6TensorIdEEE19valueBoundaryCoeffsERKNS_3tmpINS_5FieldIdEEEE[_ZNK4Foam12fvPatchFieldINS_6TensorIdEEE19valueBoundaryCoeffsERKNS_3tmpINS_5FieldIdEEEE]+0x3c): undefined reference to `Foam::fvPatchField<Foam::Tensor<double> >::typeName'
/usr/bin/ld: Make/linux64GccDPInt32Opt/viscosityModel.o: in function `Foam::fvPatchField<Foam::Tensor<double> >::patchNeighbourField() const':
viscosityModel.C:(.text._ZNK4Foam12fvPatchFieldINS_6TensorIdEEE19patchNeighbourFieldEv[_ZNK4Foam12fvPatchFieldINS_6TensorIdEEE19patchNeighbourFieldEv]+0x3c): undefined reference to `Foam::fvPatchField<Foam::Tensor<double> >::typeName'
/usr/bin/ld: Make/linux64GccDPInt32Opt/viscosityModel.o: in function `Foam::fvPatchField<double>::gradientBoundaryCoeffs() const':
viscosityModel.C:(.text._ZNK4Foam12fvPatchFieldIdE22gradientBoundaryCoeffsEv[_ZNK4Foam12fvPatchFieldIdE22gradientBoundaryCoeffsEv]+0x3c): undefined reference to `Foam::fvPatchField<double>::typeName'
/usr/bin/ld: Make/linux64GccDPInt32Opt/viscosityModel.o: in function `Foam::fvPatchField<double>::blockValueBoundaryCoeffs(Foam::tmp<Foam::Field<double> > const&) const':
viscosityModel.C:(.text._ZNK4Foam12fvPatchFieldIdE24blockValueBoundaryCoeffsERKNS_3tmpINS_5FieldIdEEEE[_ZNK4Foam12fvPatchFieldIdE24blockValueBoundaryCoeffsERKNS_3tmpINS_5FieldIdEEEE]+0x3c): undefined reference to `Foam::fvPatchField<double>::typeName'
/usr/bin/ld: Make/linux64GccDPInt32Opt/viscosityModel.o: in function `Foam::fvPatchField<Foam::Tensor<double> >::valueInternalCoeffs(Foam::tmp<Foam::Field<double> > const&) const':
viscosityModel.C:(.text._ZNK4Foam12fvPatchFieldINS_6TensorIdEEE19valueInternalCoeffsERKNS_3tmpINS_5FieldIdEEEE[_ZNK4Foam12fvPatchFieldINS_6TensorIdEEE19valueInternalCoeffsERKNS_3tmpINS_5FieldIdEEEE]+0x3c): undefined reference to `Foam::fvPatchField<Foam::Tensor<double> >::typeName'
/usr/bin/ld: Make/linux64GccDPInt32Opt/viscosityModel.o: in function `Foam::fvPatchField<Foam::Tensor<double> >::blockValueBoundaryCoeffs(Foam::tmp<Foam::Field<double> > const&) const':
viscosityModel.C:(.text._ZNK4Foam12fvPatchFieldINS_6TensorIdEEE24blockValueBoundaryCoeffsERKNS_3tmpINS_5FieldIdEEEE[_ZNK4Foam12fvPatchFieldINS_6TensorIdEEE24blockValueBoundaryCoeffsERKNS_3tmpINS_5FieldIdEEEE]+0x3c): undefined reference to `Foam::fvPatchField<Foam::Tensor<double> >::typeName'
/usr/bin/ld: Make/linux64GccDPInt32Opt/viscosityModel.o: in function `Foam::fvPatchField<double>::valueInternalCoeffs(Foam::tmp<Foam::Field<double> > const&) const':
viscosityModel.C:(.text._ZNK4Foam12fvPatchFieldIdE19valueInternalCoeffsERKNS_3tmpINS_5FieldIdEEEE[_ZNK4Foam12fvPatchFieldIdE19valueInternalCoeffsERKNS_3tmpINS_5FieldIdEEEE]+0x3c): undefined reference to `Foam::fvPatchField<double>::typeName'
/usr/bin/ld: Make/linux64GccDPInt32Opt/viscosityModel.o: in function `Foam::fvPatchField<Foam::Tensor<double> >::gradientInternalCoeffs() const':
viscosityModel.C:(.text._ZNK4Foam12fvPatchFieldINS_6TensorIdEEE22gradientInternalCoeffsEv[_ZNK4Foam12fvPatchFieldINS_6TensorIdEEE22gradientInternalCoeffsEv]+0x3c): undefined reference to `Foam::fvPatchField<Foam::Tensor<double> >::typeName'
/usr/bin/ld: Make/linux64GccDPInt32Opt/viscosityModel.o: in function `Foam::fvPatchField<double>::patchNeighbourField() const':
viscosityModel.C:(.text._ZNK4Foam12fvPatchFieldIdE19patchNeighbourFieldEv[_ZNK4Foam12fvPatchFieldIdE19patchNeighbourFieldEv]+0x3c): undefined reference to `Foam::fvPatchField<double>::typeName'
/usr/bin/ld: Make/linux64GccDPInt32Opt/viscosityModel.o: in function `Foam::fvPatchField<Foam::SymmTensor<double> >::gradientBoundaryCoeffs() const':
viscosityModel.C:(.text._ZNK4Foam12fvPatchFieldINS_10SymmTensorIdEEE22gradientBoundaryCoeffsEv[_ZNK4Foam12fvPatchFieldINS_10SymmTensorIdEEE22gradientBoundaryCoeffsEv]+0x3c): undefined reference to `Foam::fvPatchField<Foam::SymmTensor<double> >::typeName'
/usr/bin/ld: Make/linux64GccDPInt32Opt/viscosityModel.o: in function `Foam::fvPatchField<Foam::SymmTensor<double> >::blockGradientBoundaryCoeffs() const':
viscosityModel.C:(.text._ZNK4Foam12fvPatchFieldINS_10SymmTensorIdEEE27blockGradientBoundaryCoeffsEv[_ZNK4Foam12fvPatchFieldINS_10SymmTensorIdEEE27blockGradientBoundaryCoeffsEv]+0x3c): undefined reference to `Foam::fvPatchField<Foam::SymmTensor<double> >::typeName'
/usr/bin/ld: Make/linux64GccDPInt32Opt/viscosityModel.o: in function `Foam::fvPatchField<Foam::Tensor<double> >::gradientBoundaryCoeffs() const':
viscosityModel.C:(.text._ZNK4Foam12fvPatchFieldINS_6TensorIdEEE22gradientBoundaryCoeffsEv[_ZNK4Foam12fvPatchFieldINS_6TensorIdEEE22gradientBoundaryCoeffsEv]+0x3c): undefined reference to `Foam::fvPatchField<Foam::Tensor<double> >::typeName'
/usr/bin/ld: Make/linux64GccDPInt32Opt/viscosityModel.o: in function `Foam::fvPatchField<Foam::SymmTensor<double> >::blockValueBoundaryCoeffs(Foam::tmp<Foam::Field<double> > const&) const':
viscosityModel.C:(.text._ZNK4Foam12fvPatchFieldINS_10SymmTensorIdEEE24blockValueBoundaryCoeffsERKNS_3tmpINS_5FieldIdEEEE[_ZNK4Foam12fvPatchFieldINS_10SymmTensorIdEEE24blockValueBoundaryCoeffsERKNS_3tmpINS_5FieldIdEEEE]+0x3c): undefined reference to `Foam::fvPatchField<Foam::SymmTensor<double> >::typeName'
/usr/bin/ld: Make/linux64GccDPInt32Opt/viscosityModel.o: in function `Foam::fvPatchField<double>::blockGradientBoundaryCoeffs() const':
viscosityModel.C:(.text._ZNK4Foam12fvPatchFieldIdE27blockGradientBoundaryCoeffsEv[_ZNK4Foam12fvPatchFieldIdE27blockGradientBoundaryCoeffsEv]+0x3c): undefined reference to `Foam::fvPatchField<double>::typeName'
/usr/bin/ld: Make/linux64GccDPInt32Opt/viscosityModel.o: in function `Foam::fvPatchField<double>::valueBoundaryCoeffs(Foam::tmp<Foam::Field<double> > const&) const':
viscosityModel.C:(.text._ZNK4Foam12fvPatchFieldIdE19valueBoundaryCoeffsERKNS_3tmpINS_5FieldIdEEEE[_ZNK4Foam12fvPatchFieldIdE19valueBoundaryCoeffsERKNS_3tmpINS_5FieldIdEEEE]+0x3c): undefined reference to `Foam::fvPatchField<double>::typeName'
/usr/bin/ld: Make/linux64GccDPInt32Opt/viscosityModel.o: in function `Foam::fvPatchField<Foam::SymmTensor<double> >::valueBoundaryCoeffs(Foam::tmp<Foam::Field<double> > const&) const':
viscosityModel.C:(.text._ZNK4Foam12fvPatchFieldINS_10SymmTensorIdEEE19valueBoundaryCoeffsERKNS_3tmpINS_5FieldIdEEEE[_ZNK4Foam12fvPatchFieldINS_10SymmTensorIdEEE19valueBoundaryCoeffsERKNS_3tmpINS_5FieldIdEEEE]+0x3c): undefined reference to `Foam::fvPatchField<Foam::SymmTensor<double> >::typeName'
/usr/bin/ld: Make/linux64GccDPInt32Opt/viscosityModel.o: in function `Foam::fvPatchField<Foam::SymmTensor<double> >::patchNeighbourField() const':
viscosityModel.C:(.text._ZNK4Foam12fvPatchFieldINS_10SymmTensorIdEEE19patchNeighbourFieldEv[_ZNK4Foam12fvPatchFieldINS_10SymmTensorIdEEE19patchNeighbourFieldEv]+0x3c): undefined reference to `Foam::fvPatchField<Foam::SymmTensor<double> >::typeName'
/usr/bin/ld: Make/linux64GccDPInt32Opt/viscosityModel.o: in function `Foam::fvPatchField<Foam::SymmTensor<double> >::gradientInternalCoeffs() const':
viscosityModel.C:(.text._ZNK4Foam12fvPatchFieldINS_10SymmTensorIdEEE22gradientInternalCoeffsEv[_ZNK4Foam12fvPatchFieldINS_10SymmTensorIdEEE22gradientInternalCoeffsEv]+0x3c): undefined reference to `Foam::fvPatchField<Foam::SymmTensor<double> >::typeName'
/usr/bin/ld: Make/linux64GccDPInt32Opt/viscosityModel.o: in function `Foam::fvPatchField<Foam::Tensor<double> >::blockGradientBoundaryCoeffs() const':
viscosityModel.C:(.text._ZNK4Foam12fvPatchFieldINS_6TensorIdEEE27blockGradientBoundaryCoeffsEv[_ZNK4Foam12fvPatchFieldINS_6TensorIdEEE27blockGradientBoundaryCoeffsEv]+0x3c): undefined reference to `Foam::fvPatchField<Foam::Tensor<double> >::typeName'
/usr/bin/ld: Make/linux64GccDPInt32Opt/viscosityModel.o: in function `Foam::fvPatchField<double>::gradientInternalCoeffs() const':
viscosityModel.C:(.text._ZNK4Foam12fvPatchFieldIdE22gradientInternalCoeffsEv[_ZNK4Foam12fvPatchFieldIdE22gradientInternalCoeffsEv]+0x3c): undefined reference to `Foam::fvPatchField<double>::typeName'
/usr/bin/ld: Make/linux64GccDPInt32Opt/viscosityModel.o: in function `Foam::fvPatchField<Foam::SymmTensor<double> >::valueInternalCoeffs(Foam::tmp<Foam::Field<double> > const&) const':
viscosityModel.C:(.text._ZNK4Foam12fvPatchFieldINS_10SymmTensorIdEEE19valueInternalCoeffsERKNS_3tmpINS_5FieldIdEEEE[_ZNK4Foam12fvPatchFieldINS_10SymmTensorIdEEE19valueInternalCoeffsERKNS_3tmpINS_5FieldIdEEEE]+0x3c): undefined reference to `Foam::fvPatchField<Foam::SymmTensor<double> >::typeName'
/usr/bin/ld: Make/linux64GccDPInt32Opt/viscosityModel.o: in function `Foam::fvPatchField<double>::untransformedInterpolate(unsigned int) const':
viscosityModel.C:(.text._ZNK4Foam12fvPatchFieldIdE24untransformedInterpolateEj[_ZNK4Foam12fvPatchFieldIdE24untransformedInterpolateEj]+0x41): undefined reference to `Foam::fvPatchField<double>::typeName'
/usr/bin/ld: Make/linux64GccDPInt32Opt/viscosityModel.o: in function `Foam::fvPatchField<Foam::Tensor<double> >::blockGradientInternalCoeffs() const':
viscosityModel.C:(.text._ZNK4Foam12fvPatchFieldINS_6TensorIdEEE27blockGradientInternalCoeffsEv[_ZNK4Foam12fvPatchFieldINS_6TensorIdEEE27blockGradientInternalCoeffsEv]+0x3c): undefined reference to `Foam::fvPatchField<Foam::Tensor<double> >::typeName'
/usr/bin/ld: Make/linux64GccDPInt32Opt/viscosityModel.o: in function `Foam::fvPatchField<Foam::SymmTensor<double> >::blockValueInternalCoeffs(Foam::tmp<Foam::Field<double> > const&) const':
viscosityModel.C:(.text._ZNK4Foam12fvPatchFieldINS_10SymmTensorIdEEE24blockValueInternalCoeffsERKNS_3tmpINS_5FieldIdEEEE[_ZNK4Foam12fvPatchFieldINS_10SymmTensorIdEEE24blockValueInternalCoeffsERKNS_3tmpINS_5FieldIdEEEE]+0x3c): undefined reference to `Foam::fvPatchField<Foam::SymmTensor<double> >::typeName'
/usr/bin/ld: Make/linux64GccDPInt32Opt/viscosityModel.o: in function `Foam::fvPatchField<Foam::Tensor<double> >::blockValueInternalCoeffs(Foam::tmp<Foam::Field<double> > const&) const':
viscosityModel.C:(.text._ZNK4Foam12fvPatchFieldINS_6TensorIdEEE24blockValueInternalCoeffsERKNS_3tmpINS_5FieldIdEEEE[_ZNK4Foam12fvPatchFieldINS_6TensorIdEEE24blockValueInternalCoeffsERKNS_3tmpINS_5FieldIdEEEE]+0x3c): undefined reference to `Foam::fvPatchField<Foam::Tensor<double> >::typeName'
/usr/bin/ld: Make/linux64GccDPInt32Opt/viscosityModel.o: in function `Foam::fvPatchField<Foam::SymmTensor<double> >::blockGradientInternalCoeffs() const':
viscosityModel.C:(.text._ZNK4Foam12fvPatchFieldINS_10SymmTensorIdEEE27blockGradientInternalCoeffsEv[_ZNK4Foam12fvPatchFieldINS_10SymmTensorIdEEE27blockGradientInternalCoeffsEv]+0x3c): undefined reference to `Foam::fvPatchField<Foam::SymmTensor<double> >::typeName'
/usr/bin/ld: Make/linux64GccDPInt32Opt/viscosityModel.o: in function `Foam::fvsPatchField<Foam::Tensor<double> >::write(Foam::Ostream&) const':
viscosityModel.C:(.text._ZNK4Foam13fvsPatchFieldINS_6TensorIdEEE5writeERNS_7OstreamE[_ZNK4Foam13fvsPatchFieldINS_6TensorIdEEE5writeERNS_7OstreamE]+0x67): undefined reference to `Foam::fvsPatchField<Foam::Tensor<double> >::typeName'
/usr/bin/ld: Make/linux64GccDPInt32Opt/viscosityModel.o: in function `Foam::fvsPatchField<Foam::SymmTensor<double> >::write(Foam::Ostream&) const':
viscosityModel.C:(.text._ZNK4Foam13fvsPatchFieldINS_10SymmTensorIdEEE5writeERNS_7OstreamE[_ZNK4Foam13fvsPatchFieldINS_10SymmTensorIdEEE5writeERNS_7OstreamE]+0x67): undefined reference to `Foam::fvsPatchField<Foam::SymmTensor<double> >::typeName'
/usr/bin/ld: Make/linux64GccDPInt32Opt/viscosityModel.o: in function `Foam::fvsPatchField<double>::write(Foam::Ostream&) const':
viscosityModel.C:(.text._ZNK4Foam13fvsPatchFieldIdE5writeERNS_7OstreamE[_ZNK4Foam13fvsPatchFieldIdE5writeERNS_7OstreamE]+0x67): undefined reference to `Foam::fvsPatchField<double>::typeName'
/usr/bin/ld: Make/linux64GccDPInt32Opt/viscosityModel.o: in function `Foam::fvPatchField<Foam::SymmTensor<double> >::write(Foam::Ostream&) const':
viscosityModel.C:(.text._ZNK4Foam12fvPatchFieldINS_10SymmTensorIdEEE5writeERNS_7OstreamE[_ZNK4Foam12fvPatchFieldINS_10SymmTensorIdEEE5writeERNS_7OstreamE]+0x74): undefined reference to `Foam::fvPatchField<Foam::SymmTensor<double> >::typeName'
/usr/bin/ld: Make/linux64GccDPInt32Opt/viscosityModel.o: in function `Foam::fvPatchField<double>::write(Foam::Ostream&) const':
viscosityModel.C:(.text._ZNK4Foam12fvPatchFieldIdE5writeERNS_7OstreamE[_ZNK4Foam12fvPatchFieldIdE5writeERNS_7OstreamE]+0x74): undefined reference to `Foam::fvPatchField<double>::typeName'
/usr/bin/ld: Make/linux64GccDPInt32Opt/viscosityModel.o: in function `Foam::fvPatchField<Foam::Tensor<double> >::write(Foam::Ostream&) const':
viscosityModel.C:(.text._ZNK4Foam12fvPatchFieldINS_6TensorIdEEE5writeERNS_7OstreamE[_ZNK4Foam12fvPatchFieldINS_6TensorIdEEE5writeERNS_7OstreamE]+0x74): undefined reference to `Foam::fvPatchField<Foam::Tensor<double> >::typeName'
/usr/bin/ld: Make/linux64GccDPInt32Opt/viscosityModel.o: in function `Foam::fvPatchField<Foam::Tensor<double> >::untransformedInterpolate(unsigned int) const':
viscosityModel.C:(.text._ZNK4Foam12fvPatchFieldINS_6TensorIdEEE24untransformedInterpolateEj[_ZNK4Foam12fvPatchFieldINS_6TensorIdEEE24untransformedInterpolateEj]+0x41): undefined reference to `Foam::fvPatchField<Foam::Tensor<double> >::typeName'
/usr/bin/ld: Make/linux64GccDPInt32Opt/viscosityModel.o: in function `Foam::fvPatchField<Foam::SymmTensor<double> >::untransformedInterpolate(unsigned int) const':
viscosityModel.C:(.text._ZNK4Foam12fvPatchFieldINS_10SymmTensorIdEEE24untransformedInterpolateEj[_ZNK4Foam12fvPatchFieldINS_10SymmTensorIdEEE24untransformedInterpolateEj]+0x41): undefined reference to `Foam::fvPatchField<Foam::SymmTensor<double> >::typeName'
/usr/bin/ld: Make/linux64GccDPInt32Opt/viscosityModel.o: in function `Foam::fvPatchField<double>::blockGradientInternalCoeffs() const':
viscosityModel.C:(.text._ZNK4Foam12fvPatchFieldIdE27blockGradientInternalCoeffsEv[_ZNK4Foam12fvPatchFieldIdE27blockGradientInternalCoeffsEv]+0x3c): undefined reference to `Foam::fvPatchField<double>::typeName'
/usr/bin/ld: Make/linux64GccDPInt32Opt/viscosityModel.o: in function `Foam::fvPatchField<double>::blockValueInternalCoeffs(Foam::tmp<Foam::Field<double> > const&) const':
viscosityModel.C:(.text._ZNK4Foam12fvPatchFieldIdE24blockValueInternalCoeffsERKNS_3tmpINS_5FieldIdEEEE[_ZNK4Foam12fvPatchFieldIdE24blockValueInternalCoeffsERKNS_3tmpINS_5FieldIdEEEE]+0x3c): undefined reference to `Foam::fvPatchField<double>::typeName'
/usr/bin/ld: Make/linux64GccDPInt32Opt/viscosityModel.o: in function `Foam::fvPatchField<double>::snGrad() const':
viscosityModel.C:(.text._ZNK4Foam12fvPatchFieldIdE6snGradEv[_ZNK4Foam12fvPatchFieldIdE6snGradEv]+0x32): undefined reference to `Foam::fvPatch::deltaCoeffs() const'
/usr/bin/ld: Make/linux64GccDPInt32Opt/viscosityModel.o: in function `Foam::GeometricField<double, Foam::fvPatchField, Foam::volMesh>::GeometricBoundaryField::GeometricBoundaryField(Foam::DimensionedField<double, Foam::volMesh> const&, Foam::GeometricField<double, Foam::fvPatchField, Foam::volMesh>::GeometricBoundaryField const&)':
viscosityModel.C:(.text._ZN4Foam14GeometricFieldIdNS_12fvPatchFieldENS_7volMeshEE22GeometricBoundaryFieldC2ERKNS_16DimensionedFieldIdS2_EERKS4_[_ZN4Foam14GeometricFieldIdNS_12fvPatchFieldENS_7volMeshEE22GeometricBoundaryFieldC5ERKNS_16DimensionedFieldIdS2_EERKS4_]+0x5f): undefined reference to `Foam::GeometricField<double, Foam::fvPatchField, Foam::volMesh>::debug'
/usr/bin/ld: Make/linux64GccDPInt32Opt/viscosityModel.o: in function `Foam::GeometricField<double, Foam::fvPatchField, Foam::volMesh>::GeometricField(Foam::GeometricField<double, Foam::fvPatchField, Foam::volMesh> const&)':
viscosityModel.C:(.text._ZN4Foam14GeometricFieldIdNS_12fvPatchFieldENS_7volMeshEEC2ERKS3_[_ZN4Foam14GeometricFieldIdNS_12fvPatchFieldENS_7volMeshEEC5ERKS3_]+0xce): undefined reference to `Foam::GeometricField<double, Foam::fvPatchField, Foam::volMesh>::debug'
/usr/bin/ld: Make/linux64GccDPInt32Opt/viscosityModel.o: in function `Foam::GeometricField<Foam::Tensor<double>, Foam::fvPatchField, Foam::volMesh>::GeometricBoundaryField::GeometricBoundaryField(Foam::DimensionedField<Foam::Tensor<double>, Foam::volMesh> const&, Foam::GeometricField<Foam::Tensor<double>, Foam::fvPatchField, Foam::volMesh>::GeometricBoundaryField const&)':
viscosityModel.C:(.text._ZN4Foam14GeometricFieldINS_6TensorIdEENS_12fvPatchFieldENS_7volMeshEE22GeometricBoundaryFieldC2ERKNS_16DimensionedFieldIS2_S4_EERKS6_[_ZN4Foam14GeometricFieldINS_6TensorIdEENS_12fvPatchFieldENS_7volMeshEE22GeometricBoundaryFieldC5ERKNS_16DimensionedFieldIS2_S4_EERKS6_]+0x80): undefined reference to `Foam::GeometricField<Foam::Tensor<double>, Foam::fvPatchField, Foam::volMesh>::debug'
/usr/bin/ld: Make/linux64GccDPInt32Opt/viscosityModel.o: in function `Foam::GeometricField<Foam::Tensor<double>, Foam::fvPatchField, Foam::volMesh>::GeometricField(Foam::GeometricField<Foam::Tensor<double>, Foam::fvPatchField, Foam::volMesh> const&)':
viscosityModel.C:(.text._ZN4Foam14GeometricFieldINS_6TensorIdEENS_12fvPatchFieldENS_7volMeshEEC2ERKS5_[_ZN4Foam14GeometricFieldINS_6TensorIdEENS_12fvPatchFieldENS_7volMeshEEC5ERKS5_]+0xce): undefined reference to `Foam::GeometricField<Foam::Tensor<double>, Foam::fvPatchField, Foam::volMesh>::debug'
/usr/bin/ld: Make/linux64GccDPInt32Opt/viscosityModel.o: in function `Foam::GeometricField<Foam::SymmTensor<double>, Foam::fvPatchField, Foam::volMesh>::GeometricBoundaryField::GeometricBoundaryField(Foam::DimensionedField<Foam::SymmTensor<double>, Foam::volMesh> const&, Foam::GeometricField<Foam::SymmTensor<double>, Foam::fvPatchField, Foam::volMesh>::GeometricBoundaryField const&)':
viscosityModel.C:(.text._ZN4Foam14GeometricFieldINS_10SymmTensorIdEENS_12fvPatchFieldENS_7volMeshEE22GeometricBoundaryFieldC2ERKNS_16DimensionedFieldIS2_S4_EERKS6_[_ZN4Foam14GeometricFieldINS_10SymmTensorIdEENS_12fvPatchFieldENS_7volMeshEE22GeometricBoundaryFieldC5ERKNS_16DimensionedFieldIS2_S4_EERKS6_]+0x60): undefined reference to `Foam::GeometricField<Foam::SymmTensor<double>, Foam::fvPatchField, Foam::volMesh>::debug'
/usr/bin/ld: Make/linux64GccDPInt32Opt/viscosityModel.o: in function `Foam::GeometricField<double, Foam::fvPatchField, Foam::volMesh>::storeOldTime() const':
viscosityModel.C:(.text._ZNK4Foam14GeometricFieldIdNS_12fvPatchFieldENS_7volMeshEE12storeOldTimeEv[_ZNK4Foam14GeometricFieldIdNS_12fvPatchFieldENS_7volMeshEE12storeOldTimeEv]+0x47): undefined reference to `Foam::GeometricField<double, Foam::fvPatchField, Foam::volMesh>::debug'
/usr/bin/ld: viscosityModel.C:(.text._ZNK4Foam14GeometricFieldIdNS_12fvPatchFieldENS_7volMeshEE12storeOldTimeEv[_ZNK4Foam14GeometricFieldIdNS_12fvPatchFieldENS_7volMeshEE12storeOldTimeEv]+0xde): undefined reference to `Foam::fvMesh::operator!=(Foam::fvMesh const&) const'
/usr/bin/ld: Make/linux64GccDPInt32Opt/viscosityModel.o: in function `Foam::GeometricField<Foam::Tensor<double>, Foam::fvPatchField, Foam::volMesh> const& Foam::objectRegistry::lookupObject<Foam::GeometricField<Foam::Tensor<double>, Foam::fvPatchField, Foam::volMesh> >(Foam::word const&) const':
viscosityModel.C:(.text._ZNK4Foam14objectRegistry12lookupObjectINS_14GeometricFieldINS_6TensorIdEENS_12fvPatchFieldENS_7volMeshEEEEERKT_RKNS_4wordE[_ZNK4Foam14objectRegistry12lookupObjectINS_14GeometricFieldINS_6TensorIdEENS_12fvPatchFieldENS_7volMeshEEEEERKT_RKNS_4wordE]+0x85): undefined reference to `Foam::GeometricField<Foam::Tensor<double>, Foam::fvPatchField, Foam::volMesh>::typeName'
/usr/bin/ld: viscosityModel.C:(.text._ZNK4Foam14objectRegistry12lookupObjectINS_14GeometricFieldINS_6TensorIdEENS_12fvPatchFieldENS_7volMeshEEEEERKT_RKNS_4wordE[_ZNK4Foam14objectRegistry12lookupObjectINS_14GeometricFieldINS_6TensorIdEENS_12fvPatchFieldENS_7volMeshEEEEERKT_RKNS_4wordE]+0x276): undefined reference to `Foam::GeometricField<Foam::Tensor<double>, Foam::fvPatchField, Foam::volMesh>::typeName'
/usr/bin/ld: Make/linux64GccDPInt32Opt/viscosityModel.o: in function `Foam::GeometricField<Foam::SymmTensor<double>, Foam::fvPatchField, Foam::volMesh>::storeOldTime() const':
viscosityModel.C:(.text._ZNK4Foam14GeometricFieldINS_10SymmTensorIdEENS_12fvPatchFieldENS_7volMeshEE12storeOldTimeEv[_ZNK4Foam14GeometricFieldINS_10SymmTensorIdEENS_12fvPatchFieldENS_7volMeshEE12storeOldTimeEv]+0x47): undefined reference to `Foam::GeometricField<Foam::SymmTensor<double>, Foam::fvPatchField, Foam::volMesh>::debug'
/usr/bin/ld: viscosityModel.C:(.text._ZNK4Foam14GeometricFieldINS_10SymmTensorIdEENS_12fvPatchFieldENS_7volMeshEE12storeOldTimeEv[_ZNK4Foam14GeometricFieldINS_10SymmTensorIdEENS_12fvPatchFieldENS_7volMeshEE12storeOldTimeEv]+0xdd): undefined reference to `Foam::fvMesh::operator!=(Foam::fvMesh const&) const'
/usr/bin/ld: Make/linux64GccDPInt32Opt/viscosityModel.o: in function `Foam::fv::gradScheme<Foam::Vector<double> >::New(Foam::fvMesh const&, Foam::Istream&)':
viscosityModel.C:(.text._ZN4Foam2fv10gradSchemeINS_6VectorIdEEE3NewERKNS_6fvMeshERNS_7IstreamE[_ZN4Foam2fv10gradSchemeINS_6VectorIdEEE3NewERKNS_6fvMeshERNS_7IstreamE]+0x2e): undefined reference to `Foam::fv::debug'
/usr/bin/ld: viscosityModel.C:(.text._ZN4Foam2fv10gradSchemeINS_6VectorIdEEE3NewERKNS_6fvMeshERNS_7IstreamE[_ZN4Foam2fv10gradSchemeINS_6VectorIdEEE3NewERKNS_6fvMeshERNS_7IstreamE]+0x7d): undefined reference to `Foam::fv::gradScheme<Foam::Vector<double> >::IstreamConstructorTablePtr_'
/usr/bin/ld: viscosityModel.C:(.text._ZN4Foam2fv10gradSchemeINS_6VectorIdEEE3NewERKNS_6fvMeshERNS_7IstreamE[_ZN4Foam2fv10gradSchemeINS_6VectorIdEEE3NewERKNS_6fvMeshERNS_7IstreamE]+0x1d9): undefined reference to `Foam::fv::gradScheme<Foam::Vector<double> >::IstreamConstructorTablePtr_'
/usr/bin/ld: Make/linux64GccDPInt32Opt/viscosityModel.o: in function `Foam::tmp<Foam::GeometricField<Foam::outerProduct<Foam::Vector<double>, Foam::Vector<double> >::type, Foam::fvPatchField, Foam::volMesh> > Foam::fvc::grad<Foam::Vector<double> >(Foam::GeometricField<Foam::Vector<double>, Foam::fvPatchField, Foam::volMesh> const&, Foam::word const&)':
viscosityModel.C:(.text._ZN4Foam3fvc4gradINS_6VectorIdEEEENS_3tmpINS_14GeometricFieldINS_12outerProductIS3_T_E4typeENS_12fvPatchFieldENS_7volMeshEEEEERKNS5_IS7_SA_SB_EERKNS_4wordE[_ZN4Foam3fvc4gradINS_6VectorIdEEEENS_3tmpINS_14GeometricFieldINS_12outerProductIS3_T_E4typeENS_12fvPatchFieldENS_7volMeshEEEEERKNS5_IS7_SA_SB_EERKNS_4wordE]+0x3f): undefined reference to `Foam::fvSchemes::gradScheme(Foam::word const&) const'
/usr/bin/ld: Make/linux64GccDPInt32Opt/viscosityModel.o: in function `Foam::fvPatchField<Foam::SymmTensor<double> >::New(Foam::word const&, Foam::fvPatch const&, Foam::DimensionedField<Foam::SymmTensor<double>, Foam::volMesh> const&)':
viscosityModel.C:(.text._ZN4Foam12fvPatchFieldINS_10SymmTensorIdEEE3NewERKNS_4wordERKNS_7fvPatchERKNS_16DimensionedFieldIS2_NS_7volMeshEEE[_ZN4Foam12fvPatchFieldINS_10SymmTensorIdEEE3NewERKNS_4wordERKNS_7fvPatchERKNS_16DimensionedFieldIS2_NS_7volMeshEEE]+0x31): undefined reference to `Foam::fvPatchField<Foam::SymmTensor<double> >::debug'
/usr/bin/ld: viscosityModel.C:(.text._ZN4Foam12fvPatchFieldINS_10SymmTensorIdEEE3NewERKNS_4wordERKNS_7fvPatchERKNS_16DimensionedFieldIS2_NS_7volMeshEEE[_ZN4Foam12fvPatchFieldINS_10SymmTensorIdEEE3NewERKNS_4wordERKNS_7fvPatchERKNS_16DimensionedFieldIS2_NS_7volMeshEEE]+0x7f): undefined reference to `Foam::fvPatchField<Foam::SymmTensor<double> >::patchConstructorTablePtr_'
/usr/bin/ld: viscosityModel.C:(.text._ZN4Foam12fvPatchFieldINS_10SymmTensorIdEEE3NewERKNS_4wordERKNS_7fvPatchERKNS_16DimensionedFieldIS2_NS_7volMeshEEE[_ZN4Foam12fvPatchFieldINS_10SymmTensorIdEEE3NewERKNS_4wordERKNS_7fvPatchERKNS_16DimensionedFieldIS2_NS_7volMeshEEE]+0xa5): undefined reference to `Foam::fvPatchField<Foam::SymmTensor<double> >::patchConstructorTablePtr_'
/usr/bin/ld: viscosityModel.C:(.text._ZN4Foam12fvPatchFieldINS_10SymmTensorIdEEE3NewERKNS_4wordERKNS_7fvPatchERKNS_16DimensionedFieldIS2_NS_7volMeshEEE[_ZN4Foam12fvPatchFieldINS_10SymmTensorIdEEE3NewERKNS_4wordERKNS_7fvPatchERKNS_16DimensionedFieldIS2_NS_7volMeshEEE]+0x1cb): undefined reference to `Foam::fvPatchField<Foam::SymmTensor<double> >::patchConstructorTablePtr_'
/usr/bin/ld: Make/linux64GccDPInt32Opt/viscosityModel.o: in function `Foam::GeometricField<Foam::SymmTensor<double>, Foam::fvPatchField, Foam::volMesh>::GeometricBoundaryField::GeometricBoundaryField(Foam::fvBoundaryMesh const&, Foam::DimensionedField<Foam::SymmTensor<double>, Foam::volMesh> const&, Foam::word const&)':
viscosityModel.C:(.text._ZN4Foam14GeometricFieldINS_10SymmTensorIdEENS_12fvPatchFieldENS_7volMeshEE22GeometricBoundaryFieldC2ERKNS_14fvBoundaryMeshERKNS_16DimensionedFieldIS2_S4_EERKNS_4wordE[_ZN4Foam14GeometricFieldINS_10SymmTensorIdEENS_12fvPatchFieldENS_7volMeshEE22GeometricBoundaryFieldC5ERKNS_14fvBoundaryMeshERKNS_16DimensionedFieldIS2_S4_EERKNS_4wordE]+0x60): undefined reference to `Foam::GeometricField<Foam::SymmTensor<double>, Foam::fvPatchField, Foam::volMesh>::debug'
/usr/bin/ld: Make/linux64GccDPInt32Opt/viscosityModel.o: in function `Foam::fvPatchField<double>::New(Foam::word const&, Foam::fvPatch const&, Foam::DimensionedField<double, Foam::volMesh> const&)':
viscosityModel.C:(.text._ZN4Foam12fvPatchFieldIdE3NewERKNS_4wordERKNS_7fvPatchERKNS_16DimensionedFieldIdNS_7volMeshEEE[_ZN4Foam12fvPatchFieldIdE3NewERKNS_4wordERKNS_7fvPatchERKNS_16DimensionedFieldIdNS_7volMeshEEE]+0x31): undefined reference to `Foam::fvPatchField<double>::debug'
/usr/bin/ld: viscosityModel.C:(.text._ZN4Foam12fvPatchFieldIdE3NewERKNS_4wordERKNS_7fvPatchERKNS_16DimensionedFieldIdNS_7volMeshEEE[_ZN4Foam12fvPatchFieldIdE3NewERKNS_4wordERKNS_7fvPatchERKNS_16DimensionedFieldIdNS_7volMeshEEE]+0x7f): undefined reference to `Foam::fvPatchField<double>::patchConstructorTablePtr_'
/usr/bin/ld: viscosityModel.C:(.text._ZN4Foam12fvPatchFieldIdE3NewERKNS_4wordERKNS_7fvPatchERKNS_16DimensionedFieldIdNS_7volMeshEEE[_ZN4Foam12fvPatchFieldIdE3NewERKNS_4wordERKNS_7fvPatchERKNS_16DimensionedFieldIdNS_7volMeshEEE]+0xa5): undefined reference to `Foam::fvPatchField<double>::patchConstructorTablePtr_'
/usr/bin/ld: viscosityModel.C:(.text._ZN4Foam12fvPatchFieldIdE3NewERKNS_4wordERKNS_7fvPatchERKNS_16DimensionedFieldIdNS_7volMeshEEE[_ZN4Foam12fvPatchFieldIdE3NewERKNS_4wordERKNS_7fvPatchERKNS_16DimensionedFieldIdNS_7volMeshEEE]+0x1cb): undefined reference to `Foam::fvPatchField<double>::patchConstructorTablePtr_'
/usr/bin/ld: Make/linux64GccDPInt32Opt/viscosityModel.o: in function `Foam::GeometricField<double, Foam::fvPatchField, Foam::volMesh>::GeometricBoundaryField::GeometricBoundaryField(Foam::fvBoundaryMesh const&, Foam::DimensionedField<double, Foam::volMesh> const&, Foam::word const&)':
viscosityModel.C:(.text._ZN4Foam14GeometricFieldIdNS_12fvPatchFieldENS_7volMeshEE22GeometricBoundaryFieldC2ERKNS_14fvBoundaryMeshERKNS_16DimensionedFieldIdS2_EERKNS_4wordE[_ZN4Foam14GeometricFieldIdNS_12fvPatchFieldENS_7volMeshEE22GeometricBoundaryFieldC5ERKNS_14fvBoundaryMeshERKNS_16DimensionedFieldIdS2_EERKNS_4wordE]+0x60): undefined reference to `Foam::GeometricField<double, Foam::fvPatchField, Foam::volMesh>::debug'
/usr/bin/ld: Make/linux64GccDPInt32Opt/viscosityModel.o: in function `Foam::fvPatchField<double>::New(Foam::fvPatch const&, Foam::DimensionedField<double, Foam::volMesh> const&, Foam::dictionary const&)':
viscosityModel.C:(.text._ZN4Foam12fvPatchFieldIdE3NewERKNS_7fvPatchERKNS_16DimensionedFieldIdNS_7volMeshEEERKNS_10dictionaryE[_ZN4Foam12fvPatchFieldIdE3NewERKNS_7fvPatchERKNS_16DimensionedFieldIdNS_7volMeshEEERKNS_10dictionaryE]+0x95): undefined reference to `Foam::fvPatchField<double>::debug'
/usr/bin/ld: viscosityModel.C:(.text._ZN4Foam12fvPatchFieldIdE3NewERKNS_7fvPatchERKNS_16DimensionedFieldIdNS_7volMeshEEERKNS_10dictionaryE[_ZN4Foam12fvPatchFieldIdE3NewERKNS_7fvPatchERKNS_16DimensionedFieldIdNS_7volMeshEEERKNS_10dictionaryE]+0xa7): undefined reference to `Foam::fvPatchField<double>::dictionaryConstructorTablePtr_'
/usr/bin/ld: viscosityModel.C:(.text._ZN4Foam12fvPatchFieldIdE3NewERKNS_7fvPatchERKNS_16DimensionedFieldIdNS_7volMeshEEERKNS_10dictionaryE[_ZN4Foam12fvPatchFieldIdE3NewERKNS_7fvPatchERKNS_16DimensionedFieldIdNS_7volMeshEEERKNS_10dictionaryE]+0x11e): undefined reference to `Foam::fvPatchField<double>::dictionaryConstructorTablePtr_'
/usr/bin/ld: viscosityModel.C:(.text._ZN4Foam12fvPatchFieldIdE3NewERKNS_7fvPatchERKNS_16DimensionedFieldIdNS_7volMeshEEERKNS_10dictionaryE[_ZN4Foam12fvPatchFieldIdE3NewERKNS_7fvPatchERKNS_16DimensionedFieldIdNS_7volMeshEEERKNS_10dictionaryE]+0x393): undefined reference to `Foam::fvPatchField<double>::disallowGenericFvPatchField'
/usr/bin/ld: viscosityModel.C:(.text._ZN4Foam12fvPatchFieldIdE3NewERKNS_7fvPatchERKNS_16DimensionedFieldIdNS_7volMeshEEERKNS_10dictionaryE[_ZN4Foam12fvPatchFieldIdE3NewERKNS_7fvPatchERKNS_16DimensionedFieldIdNS_7volMeshEEERKNS_10dictionaryE]+0x3a1): undefined reference to `Foam::fvPatchField<double>::dictionaryConstructorTablePtr_'
/usr/bin/ld: viscosityModel.C:(.text._ZN4Foam12fvPatchFieldIdE3NewERKNS_7fvPatchERKNS_16DimensionedFieldIdNS_7volMeshEEERKNS_10dictionaryE[_ZN4Foam12fvPatchFieldIdE3NewERKNS_7fvPatchERKNS_16DimensionedFieldIdNS_7volMeshEEERKNS_10dictionaryE]+0x4bf): undefined reference to `Foam::fvPatchField<double>::dictionaryConstructorTablePtr_'
/usr/bin/ld: Make/linux64GccDPInt32Opt/viscosityModel.o: in function `Foam::GeometricField<double, Foam::fvPatchField, Foam::volMesh>::GeometricBoundaryField::GeometricBoundaryField(Foam::fvBoundaryMesh const&, Foam::DimensionedField<double, Foam::volMesh> const&, Foam::dictionary const&)':
viscosityModel.C:(.text._ZN4Foam14GeometricFieldIdNS_12fvPatchFieldENS_7volMeshEE22GeometricBoundaryFieldC2ERKNS_14fvBoundaryMeshERKNS_16DimensionedFieldIdS2_EERKNS_10dictionaryE[_ZN4Foam14GeometricFieldIdNS_12fvPatchFieldENS_7volMeshEE22GeometricBoundaryFieldC5ERKNS_14fvBoundaryMeshERKNS_16DimensionedFieldIdS2_EERKNS_10dictionaryE]+0x5f): undefined reference to `Foam::GeometricField<double, Foam::fvPatchField, Foam::volMesh>::debug'
/usr/bin/ld: Make/linux64GccDPInt32Opt/viscosityModel.o: in function `Foam::GeometricField<double, Foam::fvPatchField, Foam::volMesh>::readField(Foam::dictionary const&)':
viscosityModel.C:(.text._ZN4Foam14GeometricFieldIdNS_12fvPatchFieldENS_7volMeshEE9readFieldERKNS_10dictionaryE[_ZN4Foam14GeometricFieldIdNS_12fvPatchFieldENS_7volMeshEE9readFieldERKNS_10dictionaryE]+0x107): undefined reference to `Foam::fvMesh::boundary() const'
/usr/bin/ld: Make/linux64GccDPInt32Opt/viscosityModel.o: in function `Foam::fvPatchField<Foam::SymmTensor<double> >::New(Foam::fvPatch const&, Foam::DimensionedField<Foam::SymmTensor<double>, Foam::volMesh> const&, Foam::dictionary const&)':
viscosityModel.C:(.text._ZN4Foam12fvPatchFieldINS_10SymmTensorIdEEE3NewERKNS_7fvPatchERKNS_16DimensionedFieldIS2_NS_7volMeshEEERKNS_10dictionaryE[_ZN4Foam12fvPatchFieldINS_10SymmTensorIdEEE3NewERKNS_7fvPatchERKNS_16DimensionedFieldIS2_NS_7volMeshEEERKNS_10dictionaryE]+0x95): undefined reference to `Foam::fvPatchField<Foam::SymmTensor<double> >::debug'
/usr/bin/ld: viscosityModel.C:(.text._ZN4Foam12fvPatchFieldINS_10SymmTensorIdEEE3NewERKNS_7fvPatchERKNS_16DimensionedFieldIS2_NS_7volMeshEEERKNS_10dictionaryE[_ZN4Foam12fvPatchFieldINS_10SymmTensorIdEEE3NewERKNS_7fvPatchERKNS_16DimensionedFieldIS2_NS_7volMeshEEERKNS_10dictionaryE]+0xa7): undefined reference to `Foam::fvPatchField<Foam::SymmTensor<double> >::dictionaryConstructorTablePtr_'
/usr/bin/ld: viscosityModel.C:(.text._ZN4Foam12fvPatchFieldINS_10SymmTensorIdEEE3NewERKNS_7fvPatchERKNS_16DimensionedFieldIS2_NS_7volMeshEEERKNS_10dictionaryE[_ZN4Foam12fvPatchFieldINS_10SymmTensorIdEEE3NewERKNS_7fvPatchERKNS_16DimensionedFieldIS2_NS_7volMeshEEERKNS_10dictionaryE]+0x11e): undefined reference to `Foam::fvPatchField<Foam::SymmTensor<double> >::dictionaryConstructorTablePtr_'
/usr/bin/ld: viscosityModel.C:(.text._ZN4Foam12fvPatchFieldINS_10SymmTensorIdEEE3NewERKNS_7fvPatchERKNS_16DimensionedFieldIS2_NS_7volMeshEEERKNS_10dictionaryE[_ZN4Foam12fvPatchFieldINS_10SymmTensorIdEEE3NewERKNS_7fvPatchERKNS_16DimensionedFieldIS2_NS_7volMeshEEERKNS_10dictionaryE]+0x393): undefined reference to `Foam::fvPatchField<Foam::SymmTensor<double> >::disallowGenericFvPatchField'
/usr/bin/ld: viscosityModel.C:(.text._ZN4Foam12fvPatchFieldINS_10SymmTensorIdEEE3NewERKNS_7fvPatchERKNS_16DimensionedFieldIS2_NS_7volMeshEEERKNS_10dictionaryE[_ZN4Foam12fvPatchFieldINS_10SymmTensorIdEEE3NewERKNS_7fvPatchERKNS_16DimensionedFieldIS2_NS_7volMeshEEERKNS_10dictionaryE]+0x3a1): undefined reference to `Foam::fvPatchField<Foam::SymmTensor<double> >::dictionaryConstructorTablePtr_'
/usr/bin/ld: viscosityModel.C:(.text._ZN4Foam12fvPatchFieldINS_10SymmTensorIdEEE3NewERKNS_7fvPatchERKNS_16DimensionedFieldIS2_NS_7volMeshEEERKNS_10dictionaryE[_ZN4Foam12fvPatchFieldINS_10SymmTensorIdEEE3NewERKNS_7fvPatchERKNS_16DimensionedFieldIS2_NS_7volMeshEEERKNS_10dictionaryE]+0x4bf): undefined reference to `Foam::fvPatchField<Foam::SymmTensor<double> >::dictionaryConstructorTablePtr_'
/usr/bin/ld: Make/linux64GccDPInt32Opt/viscosityModel.o: in function `Foam::GeometricField<Foam::SymmTensor<double>, Foam::fvPatchField, Foam::volMesh>::GeometricBoundaryField::GeometricBoundaryField(Foam::fvBoundaryMesh const&, Foam::DimensionedField<Foam::SymmTensor<double>, Foam::volMesh> const&, Foam::dictionary const&)':
viscosityModel.C:(.text._ZN4Foam14GeometricFieldINS_10SymmTensorIdEENS_12fvPatchFieldENS_7volMeshEE22GeometricBoundaryFieldC2ERKNS_14fvBoundaryMeshERKNS_16DimensionedFieldIS2_S4_EERKNS_10dictionaryE[_ZN4Foam14GeometricFieldINS_10SymmTensorIdEENS_12fvPatchFieldENS_7volMeshEE22GeometricBoundaryFieldC5ERKNS_14fvBoundaryMeshERKNS_16DimensionedFieldIS2_S4_EERKNS_10dictionaryE]+0x5f): undefined reference to `Foam::GeometricField<Foam::SymmTensor<double>, Foam::fvPatchField, Foam::volMesh>::debug'
/usr/bin/ld: Make/linux64GccDPInt32Opt/viscosityModel.o: in function `Foam::GeometricField<Foam::SymmTensor<double>, Foam::fvPatchField, Foam::volMesh>::readField(Foam::dictionary const&)':
viscosityModel.C:(.text._ZN4Foam14GeometricFieldINS_10SymmTensorIdEENS_12fvPatchFieldENS_7volMeshEE9readFieldERKNS_10dictionaryE[_ZN4Foam14GeometricFieldINS_10SymmTensorIdEENS_12fvPatchFieldENS_7volMeshEE9readFieldERKNS_10dictionaryE]+0x10e): undefined reference to `Foam::fvMesh::boundary() const'
/usr/bin/ld: Make/linux64GccDPInt32Opt/viscosityModel.o: in function `Foam::fvPatchField<Foam::SymmTensor<double> >::snGrad() const':
viscosityModel.C:(.text._ZNK4Foam12fvPatchFieldINS_10SymmTensorIdEEE6snGradEv[_ZNK4Foam12fvPatchFieldINS_10SymmTensorIdEEE6snGradEv]+0x32): undefined reference to `Foam::fvPatch::deltaCoeffs() const'
/usr/bin/ld: Make/linux64GccDPInt32Opt/viscosityModel.o: in function `Foam::fvPatchField<Foam::Tensor<double> >::snGrad() const':
viscosityModel.C:(.text._ZNK4Foam12fvPatchFieldINS_6TensorIdEEE6snGradEv[_ZNK4Foam12fvPatchFieldINS_6TensorIdEEE6snGradEv]+0x32): undefined reference to `Foam::fvPatch::deltaCoeffs() const'
/usr/bin/ld: Make/linux64GccDPInt32Opt/viscosityModel.o: in function `Foam::GeometricField<Foam::Tensor<double>, Foam::fvsPatchField, Foam::surfaceMesh>::operator==(Foam::tmp<Foam::GeometricField<Foam::Tensor<double>, Foam::fvsPatchField, Foam::surfaceMesh> > const&)':
viscosityModel.C:(.text._ZN4Foam14GeometricFieldINS_6TensorIdEENS_13fvsPatchFieldENS_11surfaceMeshEEeqERKNS_3tmpIS5_EE[_ZN4Foam14GeometricFieldINS_6TensorIdEENS_13fvsPatchFieldENS_11surfaceMeshEEeqERKNS_3tmpIS5_EE]+0x3d): undefined reference to `Foam::fvMesh::operator!=(Foam::fvMesh const&) const'
/usr/bin/ld: Make/linux64GccDPInt32Opt/viscosityModel.o: in function `Foam::GeometricField<Foam::Tensor<double>, Foam::fvsPatchField, Foam::surfaceMesh>::storeOldTime() const':
viscosityModel.C:(.text._ZNK4Foam14GeometricFieldINS_6TensorIdEENS_13fvsPatchFieldENS_11surfaceMeshEE12storeOldTimeEv[_ZNK4Foam14GeometricFieldINS_6TensorIdEENS_13fvsPatchFieldENS_11surfaceMeshEE12storeOldTimeEv]+0x37): undefined reference to `Foam::GeometricField<Foam::Tensor<double>, Foam::fvsPatchField, Foam::surfaceMesh>::debug'
/usr/bin/ld: Make/linux64GccDPInt32Opt/viscosityModel.o: in function `Foam::GeometricField<Foam::SymmTensor<double>, Foam::fvsPatchField, Foam::surfaceMesh>::operator==(Foam::tmp<Foam::GeometricField<Foam::SymmTensor<double>, Foam::fvsPatchField, Foam::surfaceMesh> > const&)':
viscosityModel.C:(.text._ZN4Foam14GeometricFieldINS_10SymmTensorIdEENS_13fvsPatchFieldENS_11surfaceMeshEEeqERKNS_3tmpIS5_EE[_ZN4Foam14GeometricFieldINS_10SymmTensorIdEENS_13fvsPatchFieldENS_11surfaceMeshEEeqERKNS_3tmpIS5_EE]+0x3d): undefined reference to `Foam::fvMesh::operator!=(Foam::fvMesh const&) const'
/usr/bin/ld: Make/linux64GccDPInt32Opt/viscosityModel.o: in function `Foam::GeometricField<Foam::SymmTensor<double>, Foam::fvsPatchField, Foam::surfaceMesh>::storeOldTime() const':
viscosityModel.C:(.text._ZNK4Foam14GeometricFieldINS_10SymmTensorIdEENS_13fvsPatchFieldENS_11surfaceMeshEE12storeOldTimeEv[_ZNK4Foam14GeometricFieldINS_10SymmTensorIdEENS_13fvsPatchFieldENS_11surfaceMeshEE12storeOldTimeEv]+0x37): undefined reference to `Foam::GeometricField<Foam::SymmTensor<double>, Foam::fvsPatchField, Foam::surfaceMesh>::debug'
/usr/bin/ld: Make/linux64GccDPInt32Opt/viscosityModel.o: in function `Foam::GeometricField<double, Foam::fvsPatchField, Foam::surfaceMesh>::storeOldTime() const':
viscosityModel.C:(.text._ZNK4Foam14GeometricFieldIdNS_13fvsPatchFieldENS_11surfaceMeshEE12storeOldTimeEv[_ZNK4Foam14GeometricFieldIdNS_13fvsPatchFieldENS_11surfaceMeshEE12storeOldTimeEv]+0x47): undefined reference to `Foam::GeometricField<double, Foam::fvsPatchField, Foam::surfaceMesh>::debug'
/usr/bin/ld: viscosityModel.C:(.text._ZNK4Foam14GeometricFieldIdNS_13fvsPatchFieldENS_11surfaceMeshEE12storeOldTimeEv[_ZNK4Foam14GeometricFieldIdNS_13fvsPatchFieldENS_11surfaceMeshEE12storeOldTimeEv]+0xde): undefined reference to `Foam::fvMesh::operator!=(Foam::fvMesh const&) const'
/usr/bin/ld: Make/linux64GccDPInt32Opt/viscosityModel.o: in function `Foam::GeometricField<Foam::SymmTensor<double>, Foam::fvPatchField, Foam::volMesh>::GeometricField(Foam::IOobject const&, Foam::fvMesh const&)':
viscosityModel.C:(.text._ZN4Foam14GeometricFieldINS_10SymmTensorIdEENS_12fvPatchFieldENS_7volMeshEEC2ERKNS_8IOobjectERKNS_6fvMeshE[_ZN4Foam14GeometricFieldINS_10SymmTensorIdEENS_12fvPatchFieldENS_7volMeshEEC5ERKNS_8IOobjectERKNS_6fvMeshE]+0xb9): undefined reference to `Foam::GeometricField<Foam::SymmTensor<double>, Foam::fvPatchField, Foam::volMesh>::typeName'
/usr/bin/ld: viscosityModel.C:(.text._ZN4Foam14GeometricFieldINS_10SymmTensorIdEENS_12fvPatchFieldENS_7volMeshEEC2ERKNS_8IOobjectERKNS_6fvMeshE[_ZN4Foam14GeometricFieldINS_10SymmTensorIdEENS_12fvPatchFieldENS_7volMeshEEC5ERKNS_8IOobjectERKNS_6fvMeshE]+0x1e7): undefined reference to `Foam::GeometricField<Foam::SymmTensor<double>, Foam::fvPatchField, Foam::volMesh>::debug'
/usr/bin/ld: Make/linux64GccDPInt32Opt/viscosityModel.o: in function `Foam::GeometricField<Foam::SymmTensor<double>, Foam::fvPatchField, Foam::volMesh>::readOldTimeIfPresent()':
viscosityModel.C:(.text._ZN4Foam14GeometricFieldINS_10SymmTensorIdEENS_12fvPatchFieldENS_7volMeshEE20readOldTimeIfPresentEv[_ZN4Foam14GeometricFieldINS_10SymmTensorIdEENS_12fvPatchFieldENS_7volMeshEE20readOldTimeIfPresentEv]+0x1b0): undefined reference to `Foam::GeometricField<Foam::SymmTensor<double>, Foam::fvPatchField, Foam::volMesh>::debug'
/usr/bin/ld: Make/linux64GccDPInt32Opt/viscosityModel.o: in function `Foam::GeometricField<Foam::SymmTensor<double>, Foam::fvPatchField, Foam::volMesh>::readIfPresent()':
viscosityModel.C:(.text._ZN4Foam14GeometricFieldINS_10SymmTensorIdEENS_12fvPatchFieldENS_7volMeshEE13readIfPresentEv[_ZN4Foam14GeometricFieldINS_10SymmTensorIdEENS_12fvPatchFieldENS_7volMeshEE13readIfPresentEv]+0x103): undefined reference to `Foam::GeometricField<Foam::SymmTensor<double>, Foam::fvPatchField, Foam::volMesh>::typeName'
/usr/bin/ld: viscosityModel.C:(.text._ZN4Foam14GeometricFieldINS_10SymmTensorIdEENS_12fvPatchFieldENS_7volMeshEE13readIfPresentEv[_ZN4Foam14GeometricFieldINS_10SymmTensorIdEENS_12fvPatchFieldENS_7volMeshEE13readIfPresentEv]+0x26e): undefined reference to `Foam::GeometricField<Foam::SymmTensor<double>, Foam::fvPatchField, Foam::volMesh>::typeName'
/usr/bin/ld: Make/linux64GccDPInt32Opt/viscosityModel.o: in function `Foam::GeometricField<Foam::SymmTensor<double>, Foam::fvPatchField, Foam::volMesh>::GeometricField(Foam::IOobject const&, Foam::fvMesh const&, Foam::dimensionSet const&, Foam::word const&)':
viscosityModel.C:(.text._ZN4Foam14GeometricFieldINS_10SymmTensorIdEENS_12fvPatchFieldENS_7volMeshEEC2ERKNS_8IOobjectERKNS_6fvMeshERKNS_12dimensionSetERKNS_4wordE[_ZN4Foam14GeometricFieldINS_10SymmTensorIdEENS_12fvPatchFieldENS_7volMeshEEC5ERKNS_8IOobjectERKNS_6fvMeshERKNS_12dimensionSetERKNS_4wordE]+0xdf): undefined reference to `Foam::fvMesh::boundary() const'
/usr/bin/ld: viscosityModel.C:(.text._ZN4Foam14GeometricFieldINS_10SymmTensorIdEENS_12fvPatchFieldENS_7volMeshEEC2ERKNS_8IOobjectERKNS_6fvMeshERKNS_12dimensionSetERKNS_4wordE[_ZN4Foam14GeometricFieldINS_10SymmTensorIdEENS_12fvPatchFieldENS_7volMeshEEC5ERKNS_8IOobjectERKNS_6fvMeshERKNS_12dimensionSetERKNS_4wordE]+0xf7): undefined reference to `Foam::GeometricField<Foam::SymmTensor<double>, Foam::fvPatchField, Foam::volMesh>::debug'
/usr/bin/ld: Make/linux64GccDPInt32Opt/viscosityModel.o: in function `Foam::tmp<Foam::GeometricField<Foam::SymmTensor<double>, Foam::fvPatchField, Foam::volMesh> > Foam::symm<Foam::fvPatchField, Foam::volMesh>(Foam::tmp<Foam::GeometricField<Foam::Tensor<double>, Foam::fvPatchField, Foam::volMesh> > const&)':
viscosityModel.C:(.text._ZN4Foam4symmINS_12fvPatchFieldENS_7volMeshEEENS_3tmpINS_14GeometricFieldINS_10SymmTensorIdEET_T0_EEEERKNS3_INS4_INS_6TensorIdEES7_S8_EEEE[_ZN4Foam4symmINS_12fvPatchFieldENS_7volMeshEEENS_3tmpINS_14GeometricFieldINS_10SymmTensorIdEET_T0_EEEERKNS3_INS4_INS_6TensorIdEES7_S8_EEEE]+0x1ec): undefined reference to `Foam::calculatedFvPatchField<Foam::SymmTensor<double> >::typeName'
/usr/bin/ld: Make/linux64GccDPInt32Opt/viscosityModel.o: in function `Foam::GeometricField<Foam::SymmTensor<double>, Foam::fvPatchField, Foam::volMesh>::GeometricField(Foam::word const&, Foam::GeometricField<Foam::SymmTensor<double>, Foam::fvPatchField, Foam::volMesh> const&)':
viscosityModel.C:(.text._ZN4Foam14GeometricFieldINS_10SymmTensorIdEENS_12fvPatchFieldENS_7volMeshEEC2ERKNS_4wordERKS5_[_ZN4Foam14GeometricFieldINS_10SymmTensorIdEENS_12fvPatchFieldENS_7volMeshEEC5ERKNS_4wordERKS5_]+0x6d): undefined reference to `Foam::GeometricField<Foam::SymmTensor<double>, Foam::fvPatchField, Foam::volMesh>::debug'
/usr/bin/ld: Make/linux64GccDPInt32Opt/viscosityModel.o: in function `Foam::GeometricField<Foam::SymmTensor<double>, Foam::fvPatchField, Foam::volMesh>::GeometricField(Foam::IOobject const&, Foam::GeometricField<Foam::SymmTensor<double>, Foam::fvPatchField, Foam::volMesh> const&)':
viscosityModel.C:(.text._ZN4Foam14GeometricFieldINS_10SymmTensorIdEENS_12fvPatchFieldENS_7volMeshEEC2ERKNS_8IOobjectERKS5_[_ZN4Foam14GeometricFieldINS_10SymmTensorIdEENS_12fvPatchFieldENS_7volMeshEEC5ERKNS_8IOobjectERKS5_]+0xd5): undefined reference to `Foam::GeometricField<Foam::SymmTensor<double>, Foam::fvPatchField, Foam::volMesh>::debug'
/usr/bin/ld: Make/linux64GccDPInt32Opt/viscosityModel.o: in function `Foam::GeometricField<double, Foam::fvPatchField, Foam::volMesh>::GeometricField(Foam::IOobject const&, Foam::fvMesh const&)':
viscosityModel.C:(.text._ZN4Foam14GeometricFieldIdNS_12fvPatchFieldENS_7volMeshEEC2ERKNS_8IOobjectERKNS_6fvMeshE[_ZN4Foam14GeometricFieldIdNS_12fvPatchFieldENS_7volMeshEEC5ERKNS_8IOobjectERKNS_6fvMeshE]+0xb9): undefined reference to `Foam::GeometricField<double, Foam::fvPatchField, Foam::volMesh>::typeName'
/usr/bin/ld: viscosityModel.C:(.text._ZN4Foam14GeometricFieldIdNS_12fvPatchFieldENS_7volMeshEEC2ERKNS_8IOobjectERKNS_6fvMeshE[_ZN4Foam14GeometricFieldIdNS_12fvPatchFieldENS_7volMeshEEC5ERKNS_8IOobjectERKNS_6fvMeshE]+0x1e7): undefined reference to `Foam::GeometricField<double, Foam::fvPatchField, Foam::volMesh>::debug'
/usr/bin/ld: Make/linux64GccDPInt32Opt/viscosityModel.o: in function `Foam::GeometricField<double, Foam::fvPatchField, Foam::volMesh>::readOldTimeIfPresent()':
viscosityModel.C:(.text._ZN4Foam14GeometricFieldIdNS_12fvPatchFieldENS_7volMeshEE20readOldTimeIfPresentEv[_ZN4Foam14GeometricFieldIdNS_12fvPatchFieldENS_7volMeshEE20readOldTimeIfPresentEv]+0x1b0): undefined reference to `Foam::GeometricField<double, Foam::fvPatchField, Foam::volMesh>::debug'
/usr/bin/ld: Make/linux64GccDPInt32Opt/viscosityModel.o: in function `Foam::GeometricField<double, Foam::fvPatchField, Foam::volMesh>::readIfPresent()':
viscosityModel.C:(.text._ZN4Foam14GeometricFieldIdNS_12fvPatchFieldENS_7volMeshEE13readIfPresentEv[_ZN4Foam14GeometricFieldIdNS_12fvPatchFieldENS_7volMeshEE13readIfPresentEv]+0x103): undefined reference to `Foam::GeometricField<double, Foam::fvPatchField, Foam::volMesh>::typeName'
/usr/bin/ld: viscosityModel.C:(.text._ZN4Foam14GeometricFieldIdNS_12fvPatchFieldENS_7volMeshEE13readIfPresentEv[_ZN4Foam14GeometricFieldIdNS_12fvPatchFieldENS_7volMeshEE13readIfPresentEv]+0x26e): undefined reference to `Foam::GeometricField<double, Foam::fvPatchField, Foam::volMesh>::typeName'
/usr/bin/ld: Make/linux64GccDPInt32Opt/viscosityModel.o: in function `Foam::GeometricField<double, Foam::fvPatchField, Foam::volMesh>::GeometricField(Foam::IOobject const&, Foam::fvMesh const&, Foam::dimensionSet const&, Foam::word const&)':
viscosityModel.C:(.text._ZN4Foam14GeometricFieldIdNS_12fvPatchFieldENS_7volMeshEEC2ERKNS_8IOobjectERKNS_6fvMeshERKNS_12dimensionSetERKNS_4wordE[_ZN4Foam14GeometricFieldIdNS_12fvPatchFieldENS_7volMeshEEC5ERKNS_8IOobjectERKNS_6fvMeshERKNS_12dimensionSetERKNS_4wordE]+0xdf): undefined reference to `Foam::fvMesh::boundary() const'
/usr/bin/ld: viscosityModel.C:(.text._ZN4Foam14GeometricFieldIdNS_12fvPatchFieldENS_7volMeshEEC2ERKNS_8IOobjectERKNS_6fvMeshERKNS_12dimensionSetERKNS_4wordE[_ZN4Foam14GeometricFieldIdNS_12fvPatchFieldENS_7volMeshEEC5ERKNS_8IOobjectERKNS_6fvMeshERKNS_12dimensionSetERKNS_4wordE]+0xf7): undefined reference to `Foam::GeometricField<double, Foam::fvPatchField, Foam::volMesh>::debug'
/usr/bin/ld: Make/linux64GccDPInt32Opt/viscosityModel.o: in function `Foam::tmp<Foam::GeometricField<double, Foam::fvPatchField, Foam::volMesh> > Foam::mag<Foam::SymmTensor<double>, Foam::fvPatchField, Foam::volMesh>(Foam::tmp<Foam::GeometricField<Foam::SymmTensor<double>, Foam::fvPatchField, Foam::volMesh> > const&)':
viscosityModel.C:(.text._ZN4Foam3magINS_10SymmTensorIdEENS_12fvPatchFieldENS_7volMeshEEENS_3tmpINS_14GeometricFieldIdT0_T1_EEEERKNS5_INS6_IT_S7_S8_EEEE[_ZN4Foam3magINS_10SymmTensorIdEENS_12fvPatchFieldENS_7volMeshEEENS_3tmpINS_14GeometricFieldIdT0_T1_EEEERKNS5_INS6_IT_S7_S8_EEEE]+0x1eb): undefined reference to `Foam::calculatedFvPatchField<double>::typeName'
/usr/bin/ld: Make/linux64GccDPInt32Opt/viscosityModel.o: in function `Foam::tmp<Foam::GeometricField<double, Foam::fvPatchField, Foam::volMesh> > Foam::operator*<double, Foam::fvPatchField, Foam::volMesh>(Foam::dimensioned<double> const&, Foam::tmp<Foam::GeometricField<double, Foam::fvPatchField, Foam::volMesh> > const&)':
viscosityModel.C:(.text._ZN4FoammlIdNS_12fvPatchFieldENS_7volMeshEEENS_3tmpINS_14GeometricFieldIT_T0_T1_EEEERKNS_11dimensionedIdEERKS9_[_ZN4FoammlIdNS_12fvPatchFieldENS_7volMeshEEENS_3tmpINS_14GeometricFieldIT_T0_T1_EEEERKNS_11dimensionedIdEERKS9_]+0x6ac): undefined reference to `Foam::calculatedFvPatchField<double>::typeName'
/usr/bin/ld: Make/linux64GccDPInt32Opt/viscosityModel.o: in function `Foam::GeometricField<double, Foam::fvPatchField, Foam::volMesh>::GeometricField(Foam::word const&, Foam::GeometricField<double, Foam::fvPatchField, Foam::volMesh> const&)':
viscosityModel.C:(.text._ZN4Foam14GeometricFieldIdNS_12fvPatchFieldENS_7volMeshEEC2ERKNS_4wordERKS3_[_ZN4Foam14GeometricFieldIdNS_12fvPatchFieldENS_7volMeshEEC5ERKNS_4wordERKS3_]+0x6d): undefined reference to `Foam::GeometricField<double, Foam::fvPatchField, Foam::volMesh>::debug'
/usr/bin/ld: Make/linux64GccDPInt32Opt/viscosityModel.o: in function `Foam::GeometricField<double, Foam::fvPatchField, Foam::volMesh>::GeometricField(Foam::IOobject const&, Foam::GeometricField<double, Foam::fvPatchField, Foam::volMesh> const&)':
viscosityModel.C:(.text._ZN4Foam14GeometricFieldIdNS_12fvPatchFieldENS_7volMeshEEC2ERKNS_8IOobjectERKS3_[_ZN4Foam14GeometricFieldIdNS_12fvPatchFieldENS_7volMeshEEC5ERKNS_8IOobjectERKS3_]+0xd5): undefined reference to `Foam::GeometricField<double, Foam::fvPatchField, Foam::volMesh>::debug'
/usr/bin/ld: Make/linux64GccDPInt32Opt/Newtonian.o: in function `Foam::viscosityModels::Newtonian::Newtonian(Foam::word const&, Foam::dictionary const&, Foam::GeometricField<Foam::Vector<double>, Foam::fvPatchField, Foam::volMesh> const&, Foam::GeometricField<double, Foam::fvsPatchField, Foam::surfaceMesh> const&)':
Newtonian.C:(.text+0xbcb): undefined reference to `Foam::calculatedFvPatchField<double>::typeName'
/usr/bin/ld: Make/linux64GccDPInt32Opt/Newtonian.o: in function `Foam::GeometricField<double, Foam::fvPatchField, Foam::volMesh>::GeometricBoundaryField::evaluate()':
Newtonian.C:(.text._ZN4Foam14GeometricFieldIdNS_12fvPatchFieldENS_7volMeshEE22GeometricBoundaryField8evaluateEv[_ZN4Foam14GeometricFieldIdNS_12fvPatchFieldENS_7volMeshEE22GeometricBoundaryField8evaluateEv]+0x18): undefined reference to `Foam::GeometricField<double, Foam::fvPatchField, Foam::volMesh>::debug'
/usr/bin/ld: Make/linux64GccDPInt32Opt/Newtonian.o: in function `Foam::GeometricField<double, Foam::fvPatchField, Foam::volMesh>::GeometricField(Foam::IOobject const&, Foam::fvMesh const&, Foam::dimensioned<double> const&, Foam::word const&)':
Newtonian.C:(.text._ZN4Foam14GeometricFieldIdNS_12fvPatchFieldENS_7volMeshEEC2ERKNS_8IOobjectERKNS_6fvMeshERKNS_11dimensionedIdEERKNS_4wordE[_ZN4Foam14GeometricFieldIdNS_12fvPatchFieldENS_7volMeshEEC5ERKNS_8IOobjectERKNS_6fvMeshERKNS_11dimensionedIdEERKNS_4wordE]+0xd4): undefined reference to `Foam::fvMesh::boundary() const'
/usr/bin/ld: Newtonian.C:(.text._ZN4Foam14GeometricFieldIdNS_12fvPatchFieldENS_7volMeshEEC2ERKNS_8IOobjectERKNS_6fvMeshERKNS_11dimensionedIdEERKNS_4wordE[_ZN4Foam14GeometricFieldIdNS_12fvPatchFieldENS_7volMeshEEC5ERKNS_8IOobjectERKNS_6fvMeshERKNS_11dimensionedIdEERKNS_4wordE]+0xec): undefined reference to `Foam::GeometricField<double, Foam::fvPatchField, Foam::volMesh>::debug'
/usr/bin/ld: Make/linux64GccDPInt32Opt/LevyMises.o: in function `Foam::viscosityModels::LevyMises::LevyMises(Foam::word const&, Foam::dictionary const&, Foam::GeometricField<Foam::Vector<double>, Foam::fvPatchField, Foam::volMesh> const&, Foam::GeometricField<double, Foam::fvsPatchField, Foam::surfaceMesh> const&)':
LevyMises.C:(.text+0xf8c): undefined reference to `Foam::calculatedFvPatchField<double>::typeName'
/usr/bin/ld: Make/linux64GccDPInt32Opt/powerLaw.o: in function `Foam::GeometricField<double, Foam::fvPatchField, Foam::volMesh>::operator=(Foam::tmp<Foam::GeometricField<double, Foam::fvPatchField, Foam::volMesh> > const&)':
powerLaw.C:(.text._ZN4Foam14GeometricFieldIdNS_12fvPatchFieldENS_7volMeshEEaSERKNS_3tmpIS3_EE[_ZN4Foam14GeometricFieldIdNS_12fvPatchFieldENS_7volMeshEEaSERKNS_3tmpIS3_EE]+0x4b): undefined reference to `Foam::fvMesh::operator!=(Foam::fvMesh const&) const'
/usr/bin/ld: Make/linux64GccDPInt32Opt/powerLaw.o: in function `Foam::reuseTmpGeometricField<double, double, Foam::fvPatchField, Foam::volMesh>::New(Foam::tmp<Foam::GeometricField<double, Foam::fvPatchField, Foam::volMesh> > const&, Foam::word const&, Foam::dimensionSet const&)':
powerLaw.C:(.text._ZN4Foam22reuseTmpGeometricFieldIddNS_12fvPatchFieldENS_7volMeshEE3NewERKNS_3tmpINS_14GeometricFieldIdS1_S2_EEEERKNS_4wordERKNS_12dimensionSetE[_ZN4Foam22reuseTmpGeometricFieldIddNS_12fvPatchFieldENS_7volMeshEE3NewERKNS_3tmpINS_14GeometricFieldIdS1_S2_EEEERKNS_4wordERKNS_12dimensionSetE]+0xe9): undefined reference to `Foam::calculatedFvPatchField<double>::typeName'
/usr/bin/ld: Make/linux64GccDPInt32Opt/BirdCarreau.o: in function `Foam::tmp<Foam::GeometricField<Foam::outerProduct<double, double>::type, Foam::fvPatchField, Foam::volMesh> > Foam::sqr<double, Foam::fvPatchField, Foam::volMesh>(Foam::tmp<Foam::GeometricField<double, Foam::fvPatchField, Foam::volMesh> > const&)':
BirdCarreau.C:(.text._ZN4Foam3sqrIdNS_12fvPatchFieldENS_7volMeshEEENS_3tmpINS_14GeometricFieldINS_12outerProductIT_S6_E4typeET0_T1_EEEERKNS3_INS4_IS6_S9_SA_EEEE[_ZN4Foam3sqrIdNS_12fvPatchFieldENS_7volMeshEEENS_3tmpINS_14GeometricFieldINS_12outerProductIT_S6_E4typeET0_T1_EEEERKNS3_INS4_IS6_S9_SA_EEEE]+0x208): undefined reference to `Foam::calculatedFvPatchField<double>::typeName'
/usr/bin/ld: Make/linux64GccDPInt32Opt/HerschelBulkley.o: in function `Foam::tmp<Foam::GeometricField<double, Foam::fvPatchField, Foam::volMesh> > Foam::max<double, Foam::fvPatchField, Foam::volMesh>(Foam::GeometricField<double, Foam::fvPatchField, Foam::volMesh> const&, Foam::dimensioned<double> const&)':
HerschelBulkley.C:(.text._ZN4Foam3maxIdNS_12fvPatchFieldENS_7volMeshEEENS_3tmpINS_14GeometricFieldIT_T0_T1_EEEERKS8_RKNS_11dimensionedIS5_EE[_ZN4Foam3maxIdNS_12fvPatchFieldENS_7volMeshEEENS_3tmpINS_14GeometricFieldIT_T0_T1_EEEERKS8_RKNS_11dimensionedIS5_EE]+0x2c8): undefined reference to `Foam::calculatedFvPatchField<double>::typeName'
/usr/bin/ld: Make/linux64GccDPInt32Opt/HerschelBulkley.o: in function `Foam::tmp<Foam::GeometricField<double, Foam::fvPatchField, Foam::volMesh> > Foam::operator*<double, Foam::fvPatchField, Foam::volMesh>(Foam::dimensioned<double> const&, Foam::GeometricField<double, Foam::fvPatchField, Foam::volMesh> const&)':
HerschelBulkley.C:(.text._ZN4FoammlIdNS_12fvPatchFieldENS_7volMeshEEENS_3tmpINS_14GeometricFieldIT_T0_T1_EEEERKNS_11dimensionedIdEERKS8_[_ZN4FoammlIdNS_12fvPatchFieldENS_7volMeshEEENS_3tmpINS_14GeometricFieldIT_T0_T1_EEEERKNS_11dimensionedIdEERKS8_]+0x2a1): undefined reference to `Foam::calculatedFvPatchField<double>::typeName'
/usr/bin/ld: Make/linux64GccDPInt32Opt/HerschelBulkley.o: in function `Foam::tmp<Foam::GeometricField<double, Foam::fvPatchField, Foam::volMesh> > Foam::operator/<Foam::fvPatchField, Foam::volMesh>(Foam::tmp<Foam::GeometricField<double, Foam::fvPatchField, Foam::volMesh> > const&, Foam::tmp<Foam::GeometricField<double, Foam::fvPatchField, Foam::volMesh> > const&)':
HerschelBulkley.C:(.text._ZN4FoamdvINS_12fvPatchFieldENS_7volMeshEEENS_3tmpINS_14GeometricFieldIdT_T0_EEEERKS8_SA_[_ZN4FoamdvINS_12fvPatchFieldENS_7volMeshEEENS_3tmpINS_14GeometricFieldIdT_T0_EEEERKS8_SA_]+0x737): undefined reference to `Foam::calculatedFvPatchField<double>::typeName'
/usr/bin/ld: Make/linux64GccDPInt32Opt/freeSurface.o:freeSurface.C:(.text._ZN4FoammiINS_12fvPatchFieldENS_7volMeshEEENS_3tmpINS_14GeometricFieldIdT_T0_EEEERKNS_11dimensionedIdEERKS7_[_ZN4FoammiINS_12fvPatchFieldENS_7volMeshEEENS_3tmpINS_14GeometricFieldIdT_T0_EEEERKNS_11dimensionedIdEERKS7_]+0x2a5): more undefined references to `Foam::calculatedFvPatchField<double>::typeName' follow
/usr/bin/ld: Make/linux64GccDPInt32Opt/twoPhaseMixture.o: in function `Foam::tmp<Foam::GeometricField<double, Foam::fvsPatchField, Foam::surfaceMesh> > Foam::fvc::interpolate<double>(Foam::GeometricField<double, Foam::fvPatchField, Foam::volMesh> const&)':
twoPhaseMixture.C:(.text+0xc0a): undefined reference to `Foam::surfaceInterpolation::debug'
/usr/bin/ld: twoPhaseMixture.C:(.text+0xe1d): undefined reference to `Foam::fvSchemes::interpolationScheme(Foam::word const&) const'
/usr/bin/ld: Make/linux64GccDPInt32Opt/twoPhaseMixture.o: in function `Foam::twoPhaseMixture::twoPhaseMixture(Foam::GeometricField<Foam::Vector<double>, Foam::fvPatchField, Foam::volMesh> const&, Foam::GeometricField<double, Foam::fvsPatchField, Foam::surfaceMesh> const&, Foam::word const&)':
twoPhaseMixture.C:(.text+0x2140): undefined reference to `Foam::calculatedFvPatchField<double>::typeName'
/usr/bin/ld: Make/linux64GccDPInt32Opt/twoPhaseMixture.o: in function `Foam::GeometricField<double, Foam::fvPatchField, Foam::volMesh>::GeometricField(Foam::tmp<Foam::GeometricField<double, Foam::fvPatchField, Foam::volMesh> > const&)':
twoPhaseMixture.C:(.text._ZN4Foam14GeometricFieldIdNS_12fvPatchFieldENS_7volMeshEEC2ERKNS_3tmpIS3_EE[_ZN4Foam14GeometricFieldIdNS_12fvPatchFieldENS_7volMeshEEC5ERKNS_3tmpIS3_EE]+0x1b7): undefined reference to `Foam::GeometricField<double, Foam::fvPatchField, Foam::volMesh>::debug'
/usr/bin/ld: Make/linux64GccDPInt32Opt/twoPhaseMixture.o: in function `Foam::GeometricField<double, Foam::fvsPatchField, Foam::surfaceMesh>::GeometricBoundaryField::GeometricBoundaryField(Foam::DimensionedField<double, Foam::surfaceMesh> const&, Foam::GeometricField<double, Foam::fvsPatchField, Foam::surfaceMesh>::GeometricBoundaryField const&)':
twoPhaseMixture.C:(.text._ZN4Foam14GeometricFieldIdNS_13fvsPatchFieldENS_11surfaceMeshEE22GeometricBoundaryFieldC2ERKNS_16DimensionedFieldIdS2_EERKS4_[_ZN4Foam14GeometricFieldIdNS_13fvsPatchFieldENS_11surfaceMeshEE22GeometricBoundaryFieldC5ERKNS_16DimensionedFieldIdS2_EERKS4_]+0x5b): undefined reference to `Foam::GeometricField<double, Foam::fvsPatchField, Foam::surfaceMesh>::debug'
/usr/bin/ld: Make/linux64GccDPInt32Opt/twoPhaseMixture.o: in function `Foam::GeometricField<double, Foam::fvsPatchField, Foam::surfaceMesh>::GeometricField(Foam::GeometricField<double, Foam::fvsPatchField, Foam::surfaceMesh> const&)':
twoPhaseMixture.C:(.text._ZN4Foam14GeometricFieldIdNS_13fvsPatchFieldENS_11surfaceMeshEEC2ERKS3_[_ZN4Foam14GeometricFieldIdNS_13fvsPatchFieldENS_11surfaceMeshEEC5ERKS3_]+0xce): undefined reference to `Foam::GeometricField<double, Foam::fvsPatchField, Foam::surfaceMesh>::debug'
/usr/bin/ld: Make/linux64GccDPInt32Opt/twoPhaseMixture.o: in function `Foam::GeometricField<double, Foam::fvsPatchField, Foam::surfaceMesh>::GeometricField(Foam::tmp<Foam::GeometricField<double, Foam::fvsPatchField, Foam::surfaceMesh> > const&)':
twoPhaseMixture.C:(.text._ZN4Foam14GeometricFieldIdNS_13fvsPatchFieldENS_11surfaceMeshEEC2ERKNS_3tmpIS3_EE[_ZN4Foam14GeometricFieldIdNS_13fvsPatchFieldENS_11surfaceMeshEEC5ERKNS_3tmpIS3_EE]+0x1b7): undefined reference to `Foam::GeometricField<double, Foam::fvsPatchField, Foam::surfaceMesh>::debug'
/usr/bin/ld: Make/linux64GccDPInt32Opt/twoPhaseMixture.o: in function `Foam::GeometricField<double, Foam::fvPatchField, Foam::volMesh> const& Foam::objectRegistry::lookupObject<Foam::GeometricField<double, Foam::fvPatchField, Foam::volMesh> const>(Foam::word const&) const':
twoPhaseMixture.C:(.text._ZNK4Foam14objectRegistry12lookupObjectIKNS_14GeometricFieldIdNS_12fvPatchFieldENS_7volMeshEEEEERKT_RKNS_4wordE[_ZNK4Foam14objectRegistry12lookupObjectIKNS_14GeometricFieldIdNS_12fvPatchFieldENS_7volMeshEEEEERKT_RKNS_4wordE]+0x85): undefined reference to `Foam::GeometricField<double, Foam::fvPatchField, Foam::volMesh>::typeName'
/usr/bin/ld: twoPhaseMixture.C:(.text._ZNK4Foam14objectRegistry12lookupObjectIKNS_14GeometricFieldIdNS_12fvPatchFieldENS_7volMeshEEEEERKT_RKNS_4wordE[_ZNK4Foam14objectRegistry12lookupObjectIKNS_14GeometricFieldIdNS_12fvPatchFieldENS_7volMeshEEEEERKT_RKNS_4wordE]+0x276): undefined reference to `Foam::GeometricField<double, Foam::fvPatchField, Foam::volMesh>::typeName'
/usr/bin/ld: Make/linux64GccDPInt32Opt/twoPhaseMixture.o: in function `Foam::surfaceInterpolationScheme<double>::New(Foam::fvMesh const&, Foam::Istream&)':
twoPhaseMixture.C:(.text._ZN4Foam26surfaceInterpolationSchemeIdE3NewERKNS_6fvMeshERNS_7IstreamE[_ZN4Foam26surfaceInterpolationSchemeIdE3NewERKNS_6fvMeshERNS_7IstreamE]+0xaf): undefined reference to `Foam::surfaceInterpolationScheme<double>::MeshConstructorTablePtr_'
/usr/bin/ld: twoPhaseMixture.C:(.text._ZN4Foam26surfaceInterpolationSchemeIdE3NewERKNS_6fvMeshERNS_7IstreamE[_ZN4Foam26surfaceInterpolationSchemeIdE3NewERKNS_6fvMeshERNS_7IstreamE]+0xf6): undefined reference to `Foam::surfaceInterpolation::debug'
/usr/bin/ld: twoPhaseMixture.C:(.text._ZN4Foam26surfaceInterpolationSchemeIdE3NewERKNS_6fvMeshERNS_7IstreamE[_ZN4Foam26surfaceInterpolationSchemeIdE3NewERKNS_6fvMeshERNS_7IstreamE]+0x100): undefined reference to `Foam::surfaceInterpolationScheme<double>::debug'
/usr/bin/ld: twoPhaseMixture.C:(.text._ZN4Foam26surfaceInterpolationSchemeIdE3NewERKNS_6fvMeshERNS_7IstreamE[_ZN4Foam26surfaceInterpolationSchemeIdE3NewERKNS_6fvMeshERNS_7IstreamE]+0x110): undefined reference to `Foam::surfaceInterpolationScheme<double>::MeshConstructorTablePtr_'
/usr/bin/ld: twoPhaseMixture.C:(.text._ZN4Foam26surfaceInterpolationSchemeIdE3NewERKNS_6fvMeshERNS_7IstreamE[_ZN4Foam26surfaceInterpolationSchemeIdE3NewERKNS_6fvMeshERNS_7IstreamE]+0x1a6): undefined reference to `Foam::surfaceInterpolationScheme<double>::MeshConstructorTablePtr_'
/usr/bin/ld: twoPhaseMixture.C:(.text._ZN4Foam26surfaceInterpolationSchemeIdE3NewERKNS_6fvMeshERNS_7IstreamE[_ZN4Foam26surfaceInterpolationSchemeIdE3NewERKNS_6fvMeshERNS_7IstreamE]+0x22d): undefined reference to `Foam::surfaceInterpolationScheme<double>::MeshConstructorTablePtr_'
/usr/bin/ld: Make/linux64GccDPInt32Opt/twoPhaseMixture.o: in function `Foam::fvsPatchField<double>::New(Foam::word const&, Foam::fvPatch const&, Foam::DimensionedField<double, Foam::surfaceMesh> const&)':
twoPhaseMixture.C:(.text._ZN4Foam13fvsPatchFieldIdE3NewERKNS_4wordERKNS_7fvPatchERKNS_16DimensionedFieldIdNS_11surfaceMeshEEE[_ZN4Foam13fvsPatchFieldIdE3NewERKNS_4wordERKNS_7fvPatchERKNS_16DimensionedFieldIdNS_11surfaceMeshEEE]+0x31): undefined reference to `Foam::fvsPatchField<double>::debug'
/usr/bin/ld: twoPhaseMixture.C:(.text._ZN4Foam13fvsPatchFieldIdE3NewERKNS_4wordERKNS_7fvPatchERKNS_16DimensionedFieldIdNS_11surfaceMeshEEE[_ZN4Foam13fvsPatchFieldIdE3NewERKNS_4wordERKNS_7fvPatchERKNS_16DimensionedFieldIdNS_11surfaceMeshEEE]+0x74): undefined reference to `Foam::fvsPatchField<double>::patchConstructorTablePtr_'
/usr/bin/ld: twoPhaseMixture.C:(.text._ZN4Foam13fvsPatchFieldIdE3NewERKNS_4wordERKNS_7fvPatchERKNS_16DimensionedFieldIdNS_11surfaceMeshEEE[_ZN4Foam13fvsPatchFieldIdE3NewERKNS_4wordERKNS_7fvPatchERKNS_16DimensionedFieldIdNS_11surfaceMeshEEE]+0x9a): undefined reference to `Foam::fvsPatchField<double>::patchConstructorTablePtr_'
/usr/bin/ld: twoPhaseMixture.C:(.text._ZN4Foam13fvsPatchFieldIdE3NewERKNS_4wordERKNS_7fvPatchERKNS_16DimensionedFieldIdNS_11surfaceMeshEEE[_ZN4Foam13fvsPatchFieldIdE3NewERKNS_4wordERKNS_7fvPatchERKNS_16DimensionedFieldIdNS_11surfaceMeshEEE]+0x190): undefined reference to `Foam::fvsPatchField<double>::patchConstructorTablePtr_'
/usr/bin/ld: Make/linux64GccDPInt32Opt/twoPhaseMixture.o: in function `Foam::GeometricField<double, Foam::fvsPatchField, Foam::surfaceMesh>::GeometricBoundaryField::GeometricBoundaryField(Foam::fvBoundaryMesh const&, Foam::DimensionedField<double, Foam::surfaceMesh> const&, Foam::word const&)':
twoPhaseMixture.C:(.text._ZN4Foam14GeometricFieldIdNS_13fvsPatchFieldENS_11surfaceMeshEE22GeometricBoundaryFieldC2ERKNS_14fvBoundaryMeshERKNS_16DimensionedFieldIdS2_EERKNS_4wordE[_ZN4Foam14GeometricFieldIdNS_13fvsPatchFieldENS_11surfaceMeshEE22GeometricBoundaryFieldC5ERKNS_14fvBoundaryMeshERKNS_16DimensionedFieldIdS2_EERKNS_4wordE]+0x60): undefined reference to `Foam::GeometricField<double, Foam::fvsPatchField, Foam::surfaceMesh>::debug'
/usr/bin/ld: Make/linux64GccDPInt32Opt/twoPhaseMixture.o: in function `Foam::fvsPatchField<double>::New(Foam::fvPatch const&, Foam::DimensionedField<double, Foam::surfaceMesh> const&, Foam::dictionary const&)':
twoPhaseMixture.C:(.text._ZN4Foam13fvsPatchFieldIdE3NewERKNS_7fvPatchERKNS_16DimensionedFieldIdNS_11surfaceMeshEEERKNS_10dictionaryE[_ZN4Foam13fvsPatchFieldIdE3NewERKNS_7fvPatchERKNS_16DimensionedFieldIdNS_11surfaceMeshEEERKNS_10dictionaryE]+0x3a): undefined reference to `Foam::fvsPatchField<double>::debug'
/usr/bin/ld: twoPhaseMixture.C:(.text._ZN4Foam13fvsPatchFieldIdE3NewERKNS_7fvPatchERKNS_16DimensionedFieldIdNS_11surfaceMeshEEERKNS_10dictionaryE[_ZN4Foam13fvsPatchFieldIdE3NewERKNS_7fvPatchERKNS_16DimensionedFieldIdNS_11surfaceMeshEEERKNS_10dictionaryE]+0xd8): undefined reference to `Foam::fvsPatchField<double>::dictionaryConstructorTablePtr_'
/usr/bin/ld: twoPhaseMixture.C:(.text._ZN4Foam13fvsPatchFieldIdE3NewERKNS_7fvPatchERKNS_16DimensionedFieldIdNS_11surfaceMeshEEERKNS_10dictionaryE[_ZN4Foam13fvsPatchFieldIdE3NewERKNS_7fvPatchERKNS_16DimensionedFieldIdNS_11surfaceMeshEEERKNS_10dictionaryE]+0x14f): undefined reference to `Foam::fvsPatchField<double>::dictionaryConstructorTablePtr_'
/usr/bin/ld: twoPhaseMixture.C:(.text._ZN4Foam13fvsPatchFieldIdE3NewERKNS_7fvPatchERKNS_16DimensionedFieldIdNS_11surfaceMeshEEERKNS_10dictionaryE[_ZN4Foam13fvsPatchFieldIdE3NewERKNS_7fvPatchERKNS_16DimensionedFieldIdNS_11surfaceMeshEEERKNS_10dictionaryE]+0x363): undefined reference to `Foam::fvsPatchField<double>::disallowDefaultFvsPatchField'
/usr/bin/ld: twoPhaseMixture.C:(.text._ZN4Foam13fvsPatchFieldIdE3NewERKNS_7fvPatchERKNS_16DimensionedFieldIdNS_11surfaceMeshEEERKNS_10dictionaryE[_ZN4Foam13fvsPatchFieldIdE3NewERKNS_7fvPatchERKNS_16DimensionedFieldIdNS_11surfaceMeshEEERKNS_10dictionaryE]+0x371): undefined reference to `Foam::fvsPatchField<double>::dictionaryConstructorTablePtr_'
/usr/bin/ld: twoPhaseMixture.C:(.text._ZN4Foam13fvsPatchFieldIdE3NewERKNS_7fvPatchERKNS_16DimensionedFieldIdNS_11surfaceMeshEEERKNS_10dictionaryE[_ZN4Foam13fvsPatchFieldIdE3NewERKNS_7fvPatchERKNS_16DimensionedFieldIdNS_11surfaceMeshEEERKNS_10dictionaryE]+0x378): undefined reference to `Foam::calculatedFvsPatchField<double>::typeName'
/usr/bin/ld: twoPhaseMixture.C:(.text._ZN4Foam13fvsPatchFieldIdE3NewERKNS_7fvPatchERKNS_16DimensionedFieldIdNS_11surfaceMeshEEERKNS_10dictionaryE[_ZN4Foam13fvsPatchFieldIdE3NewERKNS_7fvPatchERKNS_16DimensionedFieldIdNS_11surfaceMeshEEERKNS_10dictionaryE]+0x430): undefined reference to `Foam::fvsPatchField<double>::dictionaryConstructorTablePtr_'
/usr/bin/ld: Make/linux64GccDPInt32Opt/twoPhaseMixture.o: in function `Foam::GeometricField<double, Foam::fvsPatchField, Foam::surfaceMesh>::GeometricBoundaryField::GeometricBoundaryField(Foam::fvBoundaryMesh const&, Foam::DimensionedField<double, Foam::surfaceMesh> const&, Foam::dictionary const&)':
twoPhaseMixture.C:(.text._ZN4Foam14GeometricFieldIdNS_13fvsPatchFieldENS_11surfaceMeshEE22GeometricBoundaryFieldC2ERKNS_14fvBoundaryMeshERKNS_16DimensionedFieldIdS2_EERKNS_10dictionaryE[_ZN4Foam14GeometricFieldIdNS_13fvsPatchFieldENS_11surfaceMeshEE22GeometricBoundaryFieldC5ERKNS_14fvBoundaryMeshERKNS_16DimensionedFieldIdS2_EERKNS_10dictionaryE]+0x5f): undefined reference to `Foam::GeometricField<double, Foam::fvsPatchField, Foam::surfaceMesh>::debug'
/usr/bin/ld: Make/linux64GccDPInt32Opt/twoPhaseMixture.o: in function `Foam::GeometricField<double, Foam::fvsPatchField, Foam::surfaceMesh>::readField(Foam::dictionary const&)':
twoPhaseMixture.C:(.text._ZN4Foam14GeometricFieldIdNS_13fvsPatchFieldENS_11surfaceMeshEE9readFieldERKNS_10dictionaryE[_ZN4Foam14GeometricFieldIdNS_13fvsPatchFieldENS_11surfaceMeshEE9readFieldERKNS_10dictionaryE]+0x107): undefined reference to `Foam::fvMesh::boundary() const'
/usr/bin/ld: Make/linux64GccDPInt32Opt/twoPhaseMixture.o: in function `Foam::GeometricField<double, Foam::fvPatchField, Foam::volMesh>::GeometricField(Foam::word const&, Foam::tmp<Foam::GeometricField<double, Foam::fvPatchField, Foam::volMesh> > const&)':
twoPhaseMixture.C:(.text._ZN4Foam14GeometricFieldIdNS_12fvPatchFieldENS_7volMeshEEC2ERKNS_4wordERKNS_3tmpIS3_EE[_ZN4Foam14GeometricFieldIdNS_12fvPatchFieldENS_7volMeshEEC5ERKNS_4wordERKNS_3tmpIS3_EE]+0x147): undefined reference to `Foam::GeometricField<double, Foam::fvPatchField, Foam::volMesh>::debug'
/usr/bin/ld: Make/linux64GccDPInt32Opt/twoPhaseMixture.o: in function `Foam::GeometricField<double, Foam::fvsPatchField, Foam::surfaceMesh>::GeometricField(Foam::word const&, Foam::tmp<Foam::GeometricField<double, Foam::fvsPatchField, Foam::surfaceMesh> > const&)':
twoPhaseMixture.C:(.text._ZN4Foam14GeometricFieldIdNS_13fvsPatchFieldENS_11surfaceMeshEEC2ERKNS_4wordERKNS_3tmpIS3_EE[_ZN4Foam14GeometricFieldIdNS_13fvsPatchFieldENS_11surfaceMeshEEC5ERKNS_4wordERKNS_3tmpIS3_EE]+0x147): undefined reference to `Foam::GeometricField<double, Foam::fvsPatchField, Foam::surfaceMesh>::debug'
/usr/bin/ld: Make/linux64GccDPInt32Opt/twoPhaseMixture.o: in function `Foam::tmp<Foam::GeometricField<double, Foam::fvPatchField, Foam::volMesh> > Foam::operator*<Foam::fvPatchField, Foam::volMesh>(Foam::tmp<Foam::GeometricField<double, Foam::fvPatchField, Foam::volMesh> > const&, Foam::GeometricField<double, Foam::fvPatchField, Foam::volMesh> const&)':
twoPhaseMixture.C:(.text._ZN4FoammlINS_12fvPatchFieldENS_7volMeshEEENS_3tmpINS_14GeometricFieldIdT_T0_EEEERKS8_RKS7_[_ZN4FoammlINS_12fvPatchFieldENS_7volMeshEEENS_3tmpINS_14GeometricFieldIdT_T0_EEEERKS8_RKS7_]+0x588): undefined reference to `Foam::calculatedFvPatchField<double>::typeName'
/usr/bin/ld: Make/linux64GccDPInt32Opt/twoPhaseMixture.o: in function `Foam::tmp<Foam::GeometricField<double, Foam::fvPatchField, Foam::volMesh> > Foam::min<double, Foam::fvPatchField, Foam::volMesh>(Foam::tmp<Foam::GeometricField<double, Foam::fvPatchField, Foam::volMesh> > const&, Foam::dimensioned<double> const&)':
twoPhaseMixture.C:(.text._ZN4Foam3minIdNS_12fvPatchFieldENS_7volMeshEEENS_3tmpINS_14GeometricFieldIT_T0_T1_EEEERKS9_RKNS_11dimensionedIS5_EE[_ZN4Foam3minIdNS_12fvPatchFieldENS_7volMeshEEENS_3tmpINS_14GeometricFieldIT_T0_T1_EEEERKS9_RKNS_11dimensionedIS5_EE]+0x2e1): undefined reference to `Foam::calculatedFvPatchField<double>::typeName'
/usr/bin/ld: Make/linux64GccDPInt32Opt/twoPhaseMixture.o: in function `Foam::GeometricField<double, Foam::fvsPatchField, Foam::surfaceMesh>::GeometricField(Foam::IOobject const&, Foam::fvMesh const&)':
twoPhaseMixture.C:(.text._ZN4Foam14GeometricFieldIdNS_13fvsPatchFieldENS_11surfaceMeshEEC2ERKNS_8IOobjectERKNS_6fvMeshE[_ZN4Foam14GeometricFieldIdNS_13fvsPatchFieldENS_11surfaceMeshEEC5ERKNS_8IOobjectERKNS_6fvMeshE]+0xce): undefined reference to `Foam::GeometricField<double, Foam::fvsPatchField, Foam::surfaceMesh>::typeName'
/usr/bin/ld: twoPhaseMixture.C:(.text._ZN4Foam14GeometricFieldIdNS_13fvsPatchFieldENS_11surfaceMeshEEC2ERKNS_8IOobjectERKNS_6fvMeshE[_ZN4Foam14GeometricFieldIdNS_13fvsPatchFieldENS_11surfaceMeshEEC5ERKNS_8IOobjectERKNS_6fvMeshE]+0x1fc): undefined reference to `Foam::GeometricField<double, Foam::fvsPatchField, Foam::surfaceMesh>::debug'
/usr/bin/ld: Make/linux64GccDPInt32Opt/twoPhaseMixture.o: in function `Foam::GeometricField<double, Foam::fvsPatchField, Foam::surfaceMesh>::readOldTimeIfPresent()':
twoPhaseMixture.C:(.text._ZN4Foam14GeometricFieldIdNS_13fvsPatchFieldENS_11surfaceMeshEE20readOldTimeIfPresentEv[_ZN4Foam14GeometricFieldIdNS_13fvsPatchFieldENS_11surfaceMeshEE20readOldTimeIfPresentEv]+0x1b0): undefined reference to `Foam::GeometricField<double, Foam::fvsPatchField, Foam::surfaceMesh>::debug'
/usr/bin/ld: Make/linux64GccDPInt32Opt/twoPhaseMixture.o: in function `Foam::GeometricField<double, Foam::fvsPatchField, Foam::surfaceMesh>::readIfPresent()':
twoPhaseMixture.C:(.text._ZN4Foam14GeometricFieldIdNS_13fvsPatchFieldENS_11surfaceMeshEE13readIfPresentEv[_ZN4Foam14GeometricFieldIdNS_13fvsPatchFieldENS_11surfaceMeshEE13readIfPresentEv]+0x103): undefined reference to `Foam::GeometricField<double, Foam::fvsPatchField, Foam::surfaceMesh>::typeName'
/usr/bin/ld: twoPhaseMixture.C:(.text._ZN4Foam14GeometricFieldIdNS_13fvsPatchFieldENS_11surfaceMeshEE13readIfPresentEv[_ZN4Foam14GeometricFieldIdNS_13fvsPatchFieldENS_11surfaceMeshEE13readIfPresentEv]+0x256): undefined reference to `Foam::GeometricField<double, Foam::fvsPatchField, Foam::surfaceMesh>::typeName'
/usr/bin/ld: Make/linux64GccDPInt32Opt/twoPhaseMixture.o: in function `Foam::GeometricField<double, Foam::fvsPatchField, Foam::surfaceMesh>::GeometricField(Foam::IOobject const&, Foam::fvMesh const&, Foam::dimensionSet const&, Foam::word const&)':
twoPhaseMixture.C:(.text._ZN4Foam14GeometricFieldIdNS_13fvsPatchFieldENS_11surfaceMeshEEC2ERKNS_8IOobjectERKNS_6fvMeshERKNS_12dimensionSetERKNS_4wordE[_ZN4Foam14GeometricFieldIdNS_13fvsPatchFieldENS_11surfaceMeshEEC5ERKNS_8IOobjectERKNS_6fvMeshERKNS_12dimensionSetERKNS_4wordE]+0xdf): undefined reference to `Foam::fvMesh::boundary() const'
/usr/bin/ld: twoPhaseMixture.C:(.text._ZN4Foam14GeometricFieldIdNS_13fvsPatchFieldENS_11surfaceMeshEEC2ERKNS_8IOobjectERKNS_6fvMeshERKNS_12dimensionSetERKNS_4wordE[_ZN4Foam14GeometricFieldIdNS_13fvsPatchFieldENS_11surfaceMeshEEC5ERKNS_8IOobjectERKNS_6fvMeshERKNS_12dimensionSetERKNS_4wordE]+0xf7): undefined reference to `Foam::GeometricField<double, Foam::fvsPatchField, Foam::surfaceMesh>::debug'
/usr/bin/ld: Make/linux64GccDPInt32Opt/twoPhaseMixture.o: in function `Foam::tmp<Foam::GeometricField<double, Foam::fvsPatchField, Foam::surfaceMesh> > Foam::min<double, Foam::fvsPatchField, Foam::surfaceMesh>(Foam::tmp<Foam::GeometricField<double, Foam::fvsPatchField, Foam::surfaceMesh> > const&, Foam::dimensioned<double> const&)':
twoPhaseMixture.C:(.text._ZN4Foam3minIdNS_13fvsPatchFieldENS_11surfaceMeshEEENS_3tmpINS_14GeometricFieldIT_T0_T1_EEEERKS9_RKNS_11dimensionedIS5_EE[_ZN4Foam3minIdNS_13fvsPatchFieldENS_11surfaceMeshEEENS_3tmpINS_14GeometricFieldIT_T0_T1_EEEERKS9_RKNS_11dimensionedIS5_EE]+0x2e1): undefined reference to `Foam::calculatedFvsPatchField<double>::typeName'
/usr/bin/ld: Make/linux64GccDPInt32Opt/twoPhaseMixture.o: in function `Foam::tmp<Foam::GeometricField<double, Foam::fvsPatchField, Foam::surfaceMesh> > Foam::operator-<Foam::fvsPatchField, Foam::surfaceMesh>(Foam::dimensioned<double> const&, Foam::GeometricField<double, Foam::fvsPatchField, Foam::surfaceMesh> const&)':
twoPhaseMixture.C:(.text._ZN4FoammiINS_13fvsPatchFieldENS_11surfaceMeshEEENS_3tmpINS_14GeometricFieldIdT_T0_EEEERKNS_11dimensionedIdEERKS7_[_ZN4FoammiINS_13fvsPatchFieldENS_11surfaceMeshEEENS_3tmpINS_14GeometricFieldIdT_T0_EEEERKNS_11dimensionedIdEERKS7_]+0x25e): undefined reference to `Foam::calculatedFvsPatchField<double>::typeName'
/usr/bin/ld: Make/linux64GccDPInt32Opt/twoPhaseMixture.o: in function `Foam::tmp<Foam::GeometricField<double, Foam::fvsPatchField, Foam::surfaceMesh> > Foam::operator*<double, Foam::fvsPatchField, Foam::surfaceMesh>(Foam::GeometricField<double, Foam::fvsPatchField, Foam::surfaceMesh> const&, Foam::dimensioned<double> const&)':
twoPhaseMixture.C:(.text._ZN4FoammlIdNS_13fvsPatchFieldENS_11surfaceMeshEEENS_3tmpINS_14GeometricFieldIT_T0_T1_EEEERKS8_RKNS_11dimensionedIdEE[_ZN4FoammlIdNS_13fvsPatchFieldENS_11surfaceMeshEEENS_3tmpINS_14GeometricFieldIT_T0_T1_EEEERKS8_RKNS_11dimensionedIdEE]+0x252): undefined reference to `Foam::calculatedFvsPatchField<double>::typeName'
/usr/bin/ld: Make/linux64GccDPInt32Opt/twoPhaseMixture.o: in function `Foam::tmp<Foam::GeometricField<double, Foam::fvsPatchField, Foam::surfaceMesh> > Foam::operator*<Foam::fvsPatchField, Foam::surfaceMesh>(Foam::tmp<Foam::GeometricField<double, Foam::fvsPatchField, Foam::surfaceMesh> > const&, Foam::tmp<Foam::GeometricField<double, Foam::fvsPatchField, Foam::surfaceMesh> > const&)':
twoPhaseMixture.C:(.text._ZN4FoammlINS_13fvsPatchFieldENS_11surfaceMeshEEENS_3tmpINS_14GeometricFieldIdT_T0_EEEERKS8_SA_[_ZN4FoammlINS_13fvsPatchFieldENS_11surfaceMeshEEENS_3tmpINS_14GeometricFieldIdT_T0_EEEERKS8_SA_]+0x6e7): undefined reference to `Foam::calculatedFvsPatchField<double>::typeName'
/usr/bin/ld: Make/linux64GccDPInt32Opt/twoPhaseMixture.o: in function `Foam::tmp<Foam::GeometricField<double, Foam::fvsPatchField, Foam::surfaceMesh> > Foam::operator*<double, Foam::fvsPatchField, Foam::surfaceMesh>(Foam::tmp<Foam::GeometricField<double, Foam::fvsPatchField, Foam::surfaceMesh> > const&, Foam::dimensioned<double> const&)':
twoPhaseMixture.C:(.text._ZN4FoammlIdNS_13fvsPatchFieldENS_11surfaceMeshEEENS_3tmpINS_14GeometricFieldIT_T0_T1_EEEERKS9_RKNS_11dimensionedIdEE[_ZN4FoammlIdNS_13fvsPatchFieldENS_11surfaceMeshEEENS_3tmpINS_14GeometricFieldIT_T0_T1_EEEERKS9_RKNS_11dimensionedIdEE]+0x393): undefined reference to `Foam::calculatedFvsPatchField<double>::typeName'
/usr/bin/ld: Make/linux64GccDPInt32Opt/twoPhaseMixture.o:twoPhaseMixture.C:(.text._ZN4Foam3maxIdNS_13fvsPatchFieldENS_11surfaceMeshEEENS_3tmpINS_14GeometricFieldIT_T0_T1_EEEERKS9_RKNS_11dimensionedIS5_EE[_ZN4Foam3maxIdNS_13fvsPatchFieldENS_11surfaceMeshEEENS_3tmpINS_14GeometricFieldIT_T0_T1_EEEERKS9_RKNS_11dimensionedIS5_EE]+0x2e1): more undefined references to `Foam::calculatedFvsPatchField<double>::typeName' follow
/usr/bin/ld: Make/linux64GccDPInt32Opt/twoPhaseMixture.o: in function `Foam::GeometricField<double, Foam::fvsPatchField, Foam::surfaceMesh>::GeometricField(Foam::word const&, Foam::GeometricField<double, Foam::fvsPatchField, Foam::surfaceMesh> const&)':
twoPhaseMixture.C:(.text._ZN4Foam14GeometricFieldIdNS_13fvsPatchFieldENS_11surfaceMeshEEC2ERKNS_4wordERKS3_[_ZN4Foam14GeometricFieldIdNS_13fvsPatchFieldENS_11surfaceMeshEEC5ERKNS_4wordERKS3_]+0x6d): undefined reference to `Foam::GeometricField<double, Foam::fvsPatchField, Foam::surfaceMesh>::debug'
/usr/bin/ld: Make/linux64GccDPInt32Opt/twoPhaseMixture.o: in function `Foam::GeometricField<double, Foam::fvsPatchField, Foam::surfaceMesh>::GeometricField(Foam::IOobject const&, Foam::GeometricField<double, Foam::fvsPatchField, Foam::surfaceMesh> const&)':
twoPhaseMixture.C:(.text._ZN4Foam14GeometricFieldIdNS_13fvsPatchFieldENS_11surfaceMeshEEC2ERKNS_8IOobjectERKS3_[_ZN4Foam14GeometricFieldIdNS_13fvsPatchFieldENS_11surfaceMeshEEC5ERKNS_8IOobjectERKS3_]+0xd5): undefined reference to `Foam::GeometricField<double, Foam::fvsPatchField, Foam::surfaceMesh>::debug'
collect2: error: ld returned 1 exit status
make: *** [/home/maalek/foam/foam-extend-4.1_NR/wmake/Makefile:160: foam.out] Error 1
